<?xml version="1.0" encoding="utf-8"?><testsuites name="pytest tests"><testsuite name="pytest" errors="0" failures="0" skipped="1" tests="32" time="15.395" timestamp="2026-05-18T15:42:01.427605+00:00" hostname="agent-env-cfd58b52-3d17-4959-9cc9-5102dbd18061"><testcase classname="backend.tests.test_iter22_improvements_admin.TestImprovements" name="test_anon_submit_ok" time="0.238" /><testcase classname="backend.tests.test_iter22_improvements_admin.TestImprovements" name="test_submit_too_short_rejected" time="0.183" /><testcase classname="backend.tests.test_iter22_improvements_admin.TestImprovements" name="test_admin_list_requires_auth" time="0.154" /><testcase classname="backend.tests.test_iter22_improvements_admin.TestImprovements" name="test_admin_list_with_token" time="0.635" /><testcase classname="backend.tests.test_iter22_improvements_admin.TestImprovements" name="test_status_invalid_rejected" time="0.250" /><testcase classname="backend.tests.test_iter22_improvements_admin.TestImprovements" name="test_status_transition_reviewing_then_done" time="2.167" /><testcase classname="backend.tests.test_iter22_improvements_admin.TestImprovements" name="test_delete_cleanup" time="1.067" /><testcase classname="backend.tests.test_iter22_improvements_admin.TestAdminUsers" name="test_search_requires_admin" time="0.256" /><testcase classname="backend.tests.test_iter22_improvements_admin.TestAdminUsers" name="test_search_returns_items" time="0.520" /><testcase classname="backend.tests.test_iter22_improvements_admin.TestAdminUsers" name="test_search_empty_returns_some" time="0.429" /><testcase classname="backend.tests.test_iter22_improvements_admin.TestAdminUsers" name="test_cannot_demote_self" time="0.364" /><testcase classname="backend.tests.test_iter22_improvements_admin.TestAdminUsers" name="test_cannot_demote_env_admin" time="0.319"><skipped type="pytest.skip" message="No second env admin available">/app/backend/tests/test_iter22_improvements_admin.py:134: No second env admin available</skipped></testcase><testcase classname="backend.tests.test_iter22_improvements_admin.TestAdminUsers" name="test_promote_then_demote_non_env" time="0.850" /><testcase classname="backend.tests.test_iter22_improvements_admin.TestAdminUsers" name="test_promote_unknown_user_404" time="0.287" /><testcase classname="backend.tests.test_iter22_improvements_admin.TestAdminPosts" name="test_list_requires_admin" time="0.161" /><testcase classname="backend.tests.test_iter22_improvements_admin.TestAdminPosts" name="test_list_recent" time="0.308" /><testcase classname="backend.tests.test_iter22_improvements_admin.TestAdminPosts" name="test_hide_then_unhide_first_visible" time="0.818" /><testcase classname="backend.tests.test_iter22_improvements_admin.TestAdminRegression" name="test_authorized[/api/admin/flags]" time="0.463" /><testcase classname="backend.tests.test_iter22_improvements_admin.TestAdminRegression" name="test_authorized[/api/admin/orphan-profiles]" time="0.427" /><testcase classname="backend.tests.test_iter22_improvements_admin.TestAdminRegression" name="test_authorized[/api/applications?status=pending]" time="0.628" /><testcase classname="backend.tests.test_iter22_improvements_admin.TestAdminRegression" name="test_authorized[/api/admin/email/readiness]" time="2.206" /><testcase classname="backend.tests.test_iter22_improvements_admin.TestAdminRegression" name="test_authorized[/api/admin/improvements]" time="0.385" /><testcase classname="backend.tests.test_iter22_improvements_admin.TestAdminRegression" name="test_authorized[/api/admin/users/search?q=]" time="0.226" /><testcase classname="backend.tests.test_iter22_improvements_admin.TestAdminRegression" name="test_authorized[/api/admin/posts/recent?limit=1]" time="0.286" /><testcase classname="backend.tests.test_iter22_improvements_admin.TestAdminRegression" name="test_unauthorized_blocks[/api/admin/flags]" time="0.122" /><testcase classname="backend.tests.test_iter22_improvements_admin.TestAdminRegression" name="test_unauthorized_blocks[/api/admin/orphan-profiles]" time="0.138" /><testcase classname="backend.tests.test_iter22_improvements_admin.TestAdminRegression" name="test_unauthorized_blocks[/api/applications?status=pending]" time="0.148" /><testcase classname="backend.tests.test_iter22_improvements_admin.TestAdminRegression" name="test_unauthorized_blocks[/api/admin/email/readiness]" time="0.139" /><testcase classname="backend.tests.test_iter22_improvements_admin.TestAdminRegression" name="test_unauthorized_blocks[/api/admin/improvements]" time="0.162" /><testcase classname="backend.tests.test_iter22_improvements_admin.TestAdminRegression" name="test_unauthorized_blocks[/api/admin/users/search?q=]" time="0.132" /><testcase classname="backend.tests.test_iter22_improvements_admin.TestAdminRegression" name="test_unauthorized_blocks[/api/admin/posts/recent?limit=1]" time="0.123" /><testcase classname="backend.tests.test_iter22_improvements_admin.TestAdminRegression" name="test_overview_or_analytics_admin_path" time="0.749" /></testsuite></testsuites>