<?xml version="1.0" encoding="utf-8"?><testsuites name="pytest tests"><testsuite name="pytest" errors="0" failures="0" skipped="0" tests="24" time="15.158" timestamp="2026-05-13T03:03:26.130461+00:00" hostname="agent-env-33228e99-ab19-4971-9215-d69671c9c927"><testcase classname="backend.tests.test_media_uploads.TestImageUpload" name="test_upload_image_jpg" time="0.907" /><testcase classname="backend.tests.test_media_uploads.TestImageUpload" name="test_upload_image_oversized" time="0.554" /><testcase classname="backend.tests.test_media_uploads.TestVideoUpload" name="test_upload_short_video" time="1.408" /><testcase classname="backend.tests.test_media_uploads.TestVideoUpload" name="test_upload_long_video_rejected" time="0.311" /><testcase classname="backend.tests.test_media_uploads.TestVideoUpload" name="test_upload_oversized_video" time="2.157" /><testcase classname="backend.tests.test_media_uploads.TestAudioUpload" name="test_upload_audio_mp3" time="0.348" /><testcase classname="backend.tests.test_media_uploads.TestAudioUpload" name="test_upload_long_audio_rejected" time="0.341" /><testcase classname="backend.tests.test_media_uploads.TestAudioUpload" name="test_upload_oversized_audio" time="1.195" /><testcase classname="backend.tests.test_media_uploads.TestUnsupportedUpload" name="test_reject_text" time="0.113" /><testcase classname="backend.tests.test_media_uploads.TestEmbedParser" name="test_youtube_watch" time="0.111" /><testcase classname="backend.tests.test_media_uploads.TestEmbedParser" name="test_youtube_short_url" time="0.121" /><testcase classname="backend.tests.test_media_uploads.TestEmbedParser" name="test_youtube_shorts" time="0.101" /><testcase classname="backend.tests.test_media_uploads.TestEmbedParser" name="test_vimeo" time="0.104" /><testcase classname="backend.tests.test_media_uploads.TestEmbedParser" name="test_unsupported_url" time="0.202" /><testcase classname="backend.tests.test_media_uploads.TestPostsMedia" name="test_short_post_with_mixed_media" time="1.839" /><testcase classname="backend.tests.test_media_uploads.TestPostsMedia" name="test_short_post_5_images_rejected" time="0.474" /><testcase classname="backend.tests.test_media_uploads.TestPostsMedia" name="test_short_post_two_videos_rejected" time="1.248" /><testcase classname="backend.tests.test_media_uploads.TestPostsMedia" name="test_video_plus_embed_rejected" time="0.676" /><testcase classname="backend.tests.test_media_uploads.TestPostsMedia" name="test_essay_with_media" time="0.650" /><testcase classname="backend.tests.test_media_uploads.TestPostsMedia" name="test_essay_too_short_rejected" time="0.125" /><testcase classname="backend.tests.test_media_uploads.TestPostsMedia" name="test_essay_missing_title_rejected" time="0.120" /><testcase classname="backend.tests.test_media_uploads.TestLegacyBackCompat" name="test_legacy_image_path_surfaces_in_media" time="0.591" /><testcase classname="backend.tests.test_media_uploads.TestDraftMedia" name="test_draft_persists_media" time="0.905" /><testcase classname="backend.tests.test_media_uploads.TestFeeds" name="test_public_feed_returns_media" time="0.499" /></testsuite></testsuites>