<?xml version="1.0" encoding="utf-8"?><testsuites name="pytest tests"><testsuite name="pytest" errors="0" failures="0" skipped="0" tests="9" time="2.162" timestamp="2026-05-13T16:25:21.253238+00:00" hostname="agent-env-33228e99-ab19-4971-9215-d69671c9c927"><testcase classname="tests.test_phase8_admin_digest_next_essay.TestAdminDigestPreview" name="test_admin_can_preview" time="0.166" /><testcase classname="tests.test_phase8_admin_digest_next_essay.TestAdminDigestPreview" name="test_non_admin_forbidden" time="0.190" /><testcase classname="tests.test_phase8_admin_digest_next_essay.TestAdminDigestSend" name="test_send_returns_count_and_inserts_dispatches" time="0.693" /><testcase classname="tests.test_phase8_admin_digest_next_essay.TestAdminDigestSend" name="test_send_forbidden_non_admin" time="0.229" /><testcase classname="tests.test_phase8_admin_digest_next_essay.TestNextEssay" name="test_follower_more_from_author" time="0.149" /><testcase classname="tests.test_phase8_admin_digest_next_essay.TestNextEssay" name="test_not_following_discover" time="0.150" /><testcase classname="tests.test_phase8_admin_digest_next_essay.TestNextEssay" name="test_guest_unsigned_discover" time="0.124" /><testcase classname="tests.test_phase8_admin_digest_next_essay.TestNextEssay" name="test_no_other_essays_returns_null" time="0.197" /><testcase classname="tests.test_phase8_admin_digest_next_essay.TestNextEssay" name="test_unknown_post_id_returns_404" time="0.167" /></testsuite></testsuites>