<?xml version="1.0" encoding="utf-8"?><testsuites name="pytest tests"><testsuite name="pytest" errors="0" failures="1" skipped="0" tests="9" time="18.786" timestamp="2026-05-13T18:38:49.906157+00:00" hostname="agent-env-48d171ef-b2f0-4291-8dfd-5e6968816a67"><testcase classname="backend.tests.test_iter14_auth_landing.TestLandingPublicEndpoints" name="test_posts_public" time="14.440"><failure message="AssertionError: The preview environment is not responding. It may be starting up.&#10;  &#10;assert 502 == 200&#10; +  where 502 = &lt;Response [502]&gt;.status_code">backend/tests/test_iter14_auth_landing.py:57: in test_posts_public
    assert r.status_code == 200, r.text
E   AssertionError: The preview environment is not responding. It may be starting up.
E     
E   assert 502 == 200
E    +  where 502 = &lt;Response [502]&gt;.status_code</failure></testcase><testcase classname="backend.tests.test_iter14_auth_landing.TestLandingPublicEndpoints" name="test_essays_public" time="1.118" /><testcase classname="backend.tests.test_iter14_auth_landing.TestLandingPublicEndpoints" name="test_prompts_current_public" time="0.127" /><testcase classname="backend.tests.test_iter14_auth_landing.TestAuthSession" name="test_invalid_session_id_returns_401" time="0.272" /><testcase classname="backend.tests.test_iter14_auth_landing.TestBearerAuth" name="test_me_with_bearer_returns_user" time="0.765" /><testcase classname="backend.tests.test_iter14_auth_landing.TestBearerAuth" name="test_me_without_token_401" time="0.117" /><testcase classname="backend.tests.test_iter14_auth_landing.TestBearerAuth" name="test_me_with_bad_bearer_401" time="0.140" /><testcase classname="backend.tests.test_iter14_auth_landing.TestBearerAuth" name="test_logout_with_bearer_clears_session" time="0.948" /><testcase classname="backend.tests.test_iter14_auth_landing.TestCORS" name="test_actual_get_with_bearer_works_cross_origin" time="0.819" /></testsuite></testsuites>