<?xml version="1.0" encoding="utf-8"?><testsuites name="pytest tests"><testsuite name="pytest" errors="0" failures="0" skipped="0" tests="6" time="1.735" timestamp="2026-05-13T14:31:12.695751+00:00" hostname="agent-env-33228e99-ab19-4971-9215-d69671c9c927"><testcase classname="tests.test_phase5e_richtext_media.TestMarkdownRenderInlineMedia" name="test_iframe_preserved" time="0.046" /><testcase classname="tests.test_phase5e_richtext_media.TestMarkdownRenderInlineMedia" name="test_video_preserved" time="0.001" /><testcase classname="tests.test_phase5e_richtext_media.TestMarkdownRenderInlineMedia" name="test_audio_preserved" time="0.001" /><testcase classname="tests.test_phase5e_richtext_media.TestMarkdownRenderInlineMedia" name="test_source_inside_video" time="0.001" /><testcase classname="tests.test_phase5e_richtext_media.TestMarkdownRenderInlineMedia" name="test_script_still_stripped" time="0.001" /><testcase classname="tests.test_phase5e_richtext_media.TestEssayInlineIframe" name="test_essay_with_inline_iframe_round_trips" time="1.661" /></testsuite></testsuites>