<?xml version="1.0" encoding="utf-8"?><testsuites name="pytest tests"><testsuite name="pytest" errors="0" failures="0" skipped="0" tests="11" time="8.791" timestamp="2026-05-13T02:43:03.630480+00:00" hostname="agent-env-33228e99-ab19-4971-9215-d69671c9c927"><testcase classname="tests.test_substack_shell.TestEssaysSearch" name="test_essays_list_public" time="0.393" /><testcase classname="tests.test_substack_shell.TestEssaysSearch" name="test_essays_search_q" time="0.222" /><testcase classname="tests.test_substack_shell.TestEssaysSearch" name="test_essays_search_market" time="0.178" /><testcase classname="tests.test_substack_shell.TestReaderBookmarks" name="test_get_bookmarks_empty" time="0.970" /><testcase classname="tests.test_substack_shell.TestReaderBookmarks" name="test_bookmark_lifecycle" time="2.996" /><testcase classname="tests.test_substack_shell.TestReaderBookmarks" name="test_bookmarks_requires_auth" time="0.121" /><testcase classname="tests.test_substack_shell.TestWriterDashboard" name="test_stats_shape" time="0.896" /><testcase classname="tests.test_substack_shell.TestWriterDashboard" name="test_published_list" time="0.895" /><testcase classname="tests.test_substack_shell.TestWriterDashboard" name="test_scheduled_list" time="0.981" /><testcase classname="tests.test_substack_shell.TestWriterDashboard" name="test_writer_requires_auth" time="0.230" /><testcase classname="tests.test_substack_shell.TestWriterDashboard" name="test_writer_blocks_needs_app" time="0.873" /></testsuite></testsuites>