<?xml version="1.0" encoding="utf-8"?><testsuites name="pytest tests"><testsuite name="pytest" errors="0" failures="4" skipped="0" tests="148" time="792.826" timestamp="2026-05-13T04:23:53.198882+00:00" hostname="agent-env-33228e99-ab19-4971-9215-d69671c9c927"><testcase classname="backend.tests.test_media_uploads.TestImageUpload" name="test_upload_image_jpg" time="10.073" /><testcase classname="backend.tests.test_media_uploads.TestImageUpload" name="test_upload_image_oversized" time="0.642" /><testcase classname="backend.tests.test_media_uploads.TestVideoUpload" name="test_upload_short_video" time="1.403" /><testcase classname="backend.tests.test_media_uploads.TestVideoUpload" name="test_upload_long_video_rejected" time="0.552" /><testcase classname="backend.tests.test_media_uploads.TestVideoUpload" name="test_upload_oversized_video" time="2.203" /><testcase classname="backend.tests.test_media_uploads.TestAudioUpload" name="test_upload_audio_mp3" time="0.725" /><testcase classname="backend.tests.test_media_uploads.TestAudioUpload" name="test_upload_long_audio_rejected" time="0.551" /><testcase classname="backend.tests.test_media_uploads.TestAudioUpload" name="test_upload_oversized_audio" time="1.045" /><testcase classname="backend.tests.test_media_uploads.TestUnsupportedUpload" name="test_reject_text" time="0.191" /><testcase classname="backend.tests.test_media_uploads.TestEmbedParser" name="test_youtube_watch" time="0.102" /><testcase classname="backend.tests.test_media_uploads.TestEmbedParser" name="test_youtube_short_url" time="0.181" /><testcase classname="backend.tests.test_media_uploads.TestEmbedParser" name="test_youtube_shorts" time="0.219" /><testcase classname="backend.tests.test_media_uploads.TestEmbedParser" name="test_vimeo" time="0.177" /><testcase classname="backend.tests.test_media_uploads.TestEmbedParser" name="test_unsupported_url" time="0.200" /><testcase classname="backend.tests.test_media_uploads.TestPostsMedia" name="test_short_post_with_mixed_media" time="14.768" /><testcase classname="backend.tests.test_media_uploads.TestPostsMedia" name="test_short_post_5_images_rejected" time="0.810" /><testcase classname="backend.tests.test_media_uploads.TestPostsMedia" name="test_short_post_two_videos_rejected" time="2.416" /><testcase classname="backend.tests.test_media_uploads.TestPostsMedia" name="test_video_plus_embed_rejected" time="1.201" /><testcase classname="backend.tests.test_media_uploads.TestPostsMedia" name="test_essay_with_media" time="1.020" /><testcase classname="backend.tests.test_media_uploads.TestPostsMedia" name="test_essay_too_short_rejected" time="0.194" /><testcase classname="backend.tests.test_media_uploads.TestPostsMedia" name="test_essay_missing_title_rejected" time="0.184" /><testcase classname="backend.tests.test_media_uploads.TestLegacyBackCompat" name="test_legacy_image_path_surfaces_in_media" time="0.920" /><testcase classname="backend.tests.test_media_uploads.TestDraftMedia" name="test_draft_persists_media" time="1.109" /><testcase classname="backend.tests.test_media_uploads.TestFeeds" name="test_public_feed_returns_media" time="0.994" /><testcase classname="backend.tests.test_phase2_batched_release.TestPostCreatePendingRelease" name="test_post_returns_pending_release_with_release_at" time="2.188" /><testcase classname="backend.tests.test_phase2_batched_release.TestPostCreatePendingRelease" name="test_pending_post_not_in_public_feed" time="2.892" /><testcase classname="backend.tests.test_phase2_batched_release.TestPostCreatePendingRelease" name="test_pending_post_not_in_feed" time="2.520" /><testcase classname="backend.tests.test_phase2_batched_release.TestPostsMine" name="test_mine_unapproved_returns_empty" time="2.655" /><testcase classname="backend.tests.test_phase2_batched_release.TestPostsMine" name="test_mine_returns_queued_and_released" time="18.302" /><testcase classname="backend.tests.test_phase2_batched_release.TestReplies" name="test_reply_unapproved_403" time="5.106" /><testcase classname="backend.tests.test_phase2_batched_release.TestReplies" name="test_reply_to_nonexistent_404" time="2.897" /><testcase classname="backend.tests.test_phase2_batched_release.TestReplies" name="test_reply_text_validation" time="2.604" /><testcase classname="backend.tests.test_phase2_batched_release.TestReplies" name="test_reply_create_pending_and_visibility" time="18.564" /><testcase classname="backend.tests.test_phase2_batched_release.TestAdminReleaseNow" name="test_release_now_requires_admin" time="37.901" /><testcase classname="backend.tests.test_phase2_batched_release.TestAdminReleaseNow" name="test_release_now_returns_summary" time="2.597" /><testcase classname="backend.tests.test_phase2_batched_release.TestAdminReleaseNow" name="test_release_now_flips_due_pending" time="19.517" /><testcase classname="backend.tests.test_phase2_batched_release.TestReleaseWindowEndpoint" name="test_release_window_iso_future" time="0.178" /><testcase classname="backend.tests.test_phase3_moderation_follows.TestDigestPrefs" name="test_get_defaults_when_unset" time="3.417" /><testcase classname="backend.tests.test_phase3_moderation_follows.TestDigestPrefs" name="test_put_persists_booleans" time="3.613" /><testcase classname="backend.tests.test_phase3_moderation_follows.TestDigestPrefs" name="test_put_validates_types" time="3.674" /><testcase classname="backend.tests.test_phase3_moderation_follows.TestDigestPrefs" name="test_release_now_counts_respect_prefs" time="8.229"><failure message="AssertionError: {&quot;detail&quot;:&quot;User missing&quot;}&#10;assert 401 == 200&#10; +  where 401 = &lt;Response [401]&gt;.status_code">backend/tests/test_phase3_moderation_follows.py:126: in test_release_now_counts_respect_prefs
    assert rel.status_code == 200, rel.text
E   AssertionError: {"detail":"User missing"}
E   assert 401 == 200
E    +  where 401 = &lt;Response [401]&gt;.status_code</failure></testcase><testcase classname="backend.tests.test_phase3_moderation_follows.TestMembersDirectory" name="test_unapproved_403" time="3.508" /><testcase classname="backend.tests.test_phase3_moderation_follows.TestMembersDirectory" name="test_returns_approved_with_profile_and_search" time="3.785" /><testcase classname="backend.tests.test_phase3_moderation_follows.TestMembersDirectory" name="test_suspended_excluded" time="6.192" /><testcase classname="backend.tests.test_phase3_moderation_follows.TestFollows" name="test_follow_idempotent_and_relationship" time="6.725" /><testcase classname="backend.tests.test_phase3_moderation_follows.TestFollows" name="test_cannot_follow_self" time="3.290" /><testcase classname="backend.tests.test_phase3_moderation_follows.TestFollows" name="test_follow_target_must_exist" time="3.778" /><testcase classname="backend.tests.test_phase3_moderation_follows.TestFollows" name="test_relationship_self_returns_counts" time="5.418" /><testcase classname="backend.tests.test_phase3_moderation_follows.TestFollows" name="test_my_following_lists_and_excludes_suspended" time="9.184" /><testcase classname="backend.tests.test_phase3_moderation_follows.TestFeedScopeFollowing" name="test_following_scope_filters" time="24.491" /><testcase classname="backend.tests.test_phase3_moderation_follows.TestFlagging" name="test_flag_post_idempotent_and_404" time="5.701" /><testcase classname="backend.tests.test_phase3_moderation_follows.TestFlagging" name="test_flag_reply_and_404" time="21.908" /><testcase classname="backend.tests.test_phase3_moderation_follows.TestAdminModeration" name="test_admin_only_flags_list" time="3.491" /><testcase classname="backend.tests.test_phase3_moderation_follows.TestAdminModeration" name="test_hide_post_resolves_flags_and_excludes_from_feeds" time="23.419" /><testcase classname="backend.tests.test_phase3_moderation_follows.TestAdminModeration" name="test_hide_reply_excludes_for_everyone" time="25.291" /><testcase classname="backend.tests.test_phase3_moderation_follows.TestAdminModeration" name="test_dismiss_flag" time="8.187"><failure message="KeyError: 'items'">backend/tests/test_phase3_moderation_follows.py:537: in test_dismiss_flag
    open_after = http.get(f"{base_url}/api/admin/flags?status=open",
E   KeyError: 'items'</failure></testcase><testcase classname="backend.tests.test_phase3_moderation_follows.TestAdminSuspend" name="test_suspend_blocks_posts_and_hides_from_feeds" time="32.599"><failure message="assert 401 == 200&#10; +  where 401 = &lt;Response [401]&gt;.status_code">backend/tests/test_phase3_moderation_follows.py:561: in test_suspend_blocks_posts_and_hides_from_feeds
    assert s.status_code == 200
E   assert 401 == 200
E    +  where 401 = &lt;Response [401]&gt;.status_code</failure></testcase><testcase classname="backend.tests.test_phase3_moderation_follows.TestAdminSuspend" name="test_cannot_suspend_admin" time="2.790" /><testcase classname="backend.tests.test_phase3_moderation_follows.TestAdminSuspend" name="test_suspend_requires_admin" time="4.671" /><testcase classname="backend.tests.test_phase3_moderation_follows.TestAdminSuspend" name="test_suspend_blocks_replies" time="21.917" /><testcase classname="backend.tests.test_phase4_picks_analytics_payments.TestPetePicks" name="test_pick_requires_admin" time="3.094" /><testcase classname="backend.tests.test_phase4_picks_analytics_payments.TestPetePicks" name="test_pick_404_on_missing_post" time="3.522" /><testcase classname="backend.tests.test_phase4_picks_analytics_payments.TestPetePicks" name="test_pick_and_unpick_flow" time="19.908"><failure message="AssertionError: {&quot;detail&quot;:&quot;User missing&quot;}&#10;assert 401 == 200&#10; +  where 401 = &lt;Response [401]&gt;.status_code">backend/tests/test_phase4_picks_analytics_payments.py:140: in test_pick_and_unpick_flow
    assert r.status_code == 200, r.text
E   AssertionError: {"detail":"User missing"}
E   assert 401 == 200
E    +  where 401 = &lt;Response [401]&gt;.status_code</failure></testcase><testcase classname="backend.tests.test_phase4_picks_analytics_payments.TestPetePicks" name="test_picks_excludes_hidden_and_suspended" time="20.003" /><testcase classname="backend.tests.test_phase4_picks_analytics_payments.TestPetePicks" name="test_feed_includes_is_pete_pick_and_is_supporter" time="6.764" /><testcase classname="backend.tests.test_phase4_picks_analytics_payments.TestAdminAnalytics" name="test_analytics_requires_admin" time="13.807" /><testcase classname="backend.tests.test_phase4_picks_analytics_payments.TestAdminAnalytics" name="test_analytics_no_auth" time="0.186" /><testcase classname="backend.tests.test_phase4_picks_analytics_payments.TestAdminAnalytics" name="test_analytics_shape" time="2.319" /><testcase classname="backend.tests.test_phase4_picks_analytics_payments.TestPayments" name="test_subscription_default_not_supporter" time="3.583" /><testcase classname="backend.tests.test_phase4_picks_analytics_payments.TestPayments" name="test_checkout_403_for_unapproved" time="2.405" /><testcase classname="backend.tests.test_phase4_picks_analytics_payments.TestPayments" name="test_checkout_requires_auth" time="0.158" /><testcase classname="backend.tests.test_phase4_picks_analytics_payments.TestPayments" name="test_checkout_creates_pending_row_or_502" time="3.656" /><testcase classname="backend.tests.test_phase4_picks_analytics_payments.TestPayments" name="test_status_404_for_unknown_session" time="14.796" /><testcase classname="backend.tests.test_phase4_picks_analytics_payments.TestPayments" name="test_status_403_for_other_users_session" time="13.903" /><testcase classname="backend.tests.test_phase4_picks_analytics_payments.TestPayments" name="test_status_idempotent_grant_already_paid" time="7.580" /><testcase classname="backend.tests.test_phase4_picks_analytics_payments.TestPayments" name="test_subscription_reflects_active_supporter" time="3.224" /><testcase classname="backend.tests.test_phase4_picks_analytics_payments.TestPayments" name="test_webhook_invalid_signature_returns_400" time="12.368" /><testcase classname="backend.tests.test_phase4_picks_analytics_payments.TestPayments" name="test_supporter_flag_on_feed_author" time="4.806" /><testcase classname="backend.tests.test_phase5_essays.TestShortPostRegression" name="test_short_post_kind_omitted_defaults_to_post" time="1.573" /><testcase classname="backend.tests.test_phase5_essays.TestShortPostRegression" name="test_short_post_500_char_limit_enforced" time="1.700" /><testcase classname="backend.tests.test_phase5_essays.TestShortPostRegression" name="test_short_post_500_chars_ok" time="1.594" /><testcase classname="backend.tests.test_phase5_essays.TestEssayCreate" name="test_essay_happy_path" time="1.646" /><testcase classname="backend.tests.test_phase5_essays.TestEssayCreate" name="test_essay_missing_title_422" time="1.616" /><testcase classname="backend.tests.test_phase5_essays.TestEssayCreate" name="test_essay_empty_title_422" time="1.579" /><testcase classname="backend.tests.test_phase5_essays.TestEssayCreate" name="test_essay_body_too_short_422" time="1.660" /><testcase classname="backend.tests.test_phase5_essays.TestEssayCreate" name="test_essay_body_max_50000_chars_ok" time="1.644" /><testcase classname="backend.tests.test_phase5_essays.TestEssayCreate" name="test_essay_body_over_50000_422" time="1.679" /><testcase classname="backend.tests.test_phase5_essays.TestEssayCreate" name="test_essay_unapproved_user_403" time="1.691" /><testcase classname="backend.tests.test_phase5_essays.TestEssayFollowerDispatch" name="test_dispatch_to_two_followers" time="6.122" /><testcase classname="backend.tests.test_phase5_essays.TestEssayFollowerDispatch" name="test_dispatch_idempotent_via_direct_invoke" time="5.278" /><testcase classname="backend.tests.test_phase5_essays.TestEssayReader" name="test_member_gets_full_body" time="1.422" /><testcase classname="backend.tests.test_phase5_essays.TestEssayReader" name="test_unauth_paywall_with_preview" time="12.749" /><testcase classname="backend.tests.test_phase5_essays.TestEssayReader" name="test_non_member_paywall" time="3.438" /><testcase classname="backend.tests.test_phase5_essays.TestEssayReader" name="test_hidden_essay_404" time="3.209" /><testcase classname="backend.tests.test_phase5_essays.TestEssayReader" name="test_suspended_author_essay_404" time="3.214" /><testcase classname="backend.tests.test_phase5_essays.TestEssayReader" name="test_post_kind_id_404" time="13.180" /><testcase classname="backend.tests.test_phase5_essays.TestEssayReader" name="test_unknown_essay_404" time="1.789" /><testcase classname="backend.tests.test_phase5_essays.TestFeedEssayPayload" name="test_public_feed_has_essay_with_preview_not_text" time="1.684" /><testcase classname="backend.tests.test_phase5_essays.TestFeedEssayPayload" name="test_feed_endpoint_returns_essay_preview" time="1.815" /><testcase classname="backend.tests.test_phase5_essays.TestFeedEssayPayload" name="test_mine_returns_essay_preview" time="1.764" /><testcase classname="backend.tests.test_phase5_essays.TestFeedEssayPayload" name="test_by_user_returns_essay_preview" time="14.031" /><testcase classname="backend.tests.test_phase5_essays.TestPetePickEssay" name="test_admin_can_pick_essay" time="3.376" /><testcase classname="backend.tests.test_phase5b_drafts_markdown_schedule_archive.TestMarkdownRender" name="test_render_function_basic" time="0.219" /><testcase classname="backend.tests.test_phase5b_drafts_markdown_schedule_archive.TestMarkdownRender" name="test_render_strips_script_and_handlers" time="0.001" /><testcase classname="backend.tests.test_phase5b_drafts_markdown_schedule_archive.TestMarkdownRender" name="test_render_empty" time="0.000" /><testcase classname="backend.tests.test_phase5b_drafts_markdown_schedule_archive.TestMarkdownRender" name="test_essay_response_includes_html_for_member" time="2.508" /><testcase classname="backend.tests.test_phase5b_drafts_markdown_schedule_archive.TestMarkdownRender" name="test_essay_response_paywall_no_html_text" time="13.460" /><testcase classname="backend.tests.test_phase5b_drafts_markdown_schedule_archive.TestDrafts" name="test_get_empty_draft" time="2.578" /><testcase classname="backend.tests.test_phase5b_drafts_markdown_schedule_archive.TestDrafts" name="test_put_then_get_draft" time="2.431" /><testcase classname="backend.tests.test_phase5b_drafts_markdown_schedule_archive.TestDrafts" name="test_put_upserts_single_draft" time="3.303" /><testcase classname="backend.tests.test_phase5b_drafts_markdown_schedule_archive.TestDrafts" name="test_delete_draft" time="2.556" /><testcase classname="backend.tests.test_phase5b_drafts_markdown_schedule_archive.TestDrafts" name="test_draft_cleared_on_publish" time="37.246" /><testcase classname="backend.tests.test_phase5b_drafts_markdown_schedule_archive.TestDrafts" name="test_draft_cleared_on_essay_publish" time="3.408" /><testcase classname="backend.tests.test_phase5b_drafts_markdown_schedule_archive.TestScheduledEssays" name="test_schedule_future_creates_scheduled_essay" time="3.617" /><testcase classname="backend.tests.test_phase5b_drafts_markdown_schedule_archive.TestScheduledEssays" name="test_schedule_past_rejected_422" time="12.088" /><testcase classname="backend.tests.test_phase5b_drafts_markdown_schedule_archive.TestScheduledEssays" name="test_short_post_ignores_scheduled_at" time="2.472" /><testcase classname="backend.tests.test_phase5b_drafts_markdown_schedule_archive.TestScheduledEssays" name="test_process_scheduled_essays_flips_and_dispatches_idempotent" time="6.915" /><testcase classname="backend.tests.test_phase5b_drafts_markdown_schedule_archive.TestMemberArchive" name="test_archive_returns_released_essays_chronological_desc" time="4.659" /><testcase classname="backend.tests.test_phase5b_drafts_markdown_schedule_archive.TestMemberArchive" name="test_archive_excludes_scheduled_unreleased" time="3.304" /><testcase classname="backend.tests.test_phase5b_drafts_markdown_schedule_archive.TestMemberArchive" name="test_archive_excludes_short_posts" time="2.341" /><testcase classname="backend.tests.test_phase5b_drafts_markdown_schedule_archive.TestMemberArchive" name="test_archive_empty_for_suspended_writer" time="5.397" /><testcase classname="backend.tests.test_substack_shell.TestEssaysSearch" name="test_essays_list_public" time="0.156" /><testcase classname="backend.tests.test_substack_shell.TestEssaysSearch" name="test_essays_search_q" time="0.165" /><testcase classname="backend.tests.test_substack_shell.TestEssaysSearch" name="test_essays_search_market" time="0.127" /><testcase classname="backend.tests.test_substack_shell.TestReaderBookmarks" name="test_get_bookmarks_empty" time="1.649" /><testcase classname="backend.tests.test_substack_shell.TestReaderBookmarks" name="test_bookmark_lifecycle" time="4.712" /><testcase classname="backend.tests.test_substack_shell.TestReaderBookmarks" name="test_bookmarks_requires_auth" time="0.156" /><testcase classname="backend.tests.test_substack_shell.TestWriterDashboard" name="test_stats_shape" time="1.874" /><testcase classname="backend.tests.test_substack_shell.TestWriterDashboard" name="test_published_list" time="1.712" /><testcase classname="backend.tests.test_substack_shell.TestWriterDashboard" name="test_scheduled_list" time="1.511" /><testcase classname="backend.tests.test_substack_shell.TestWriterDashboard" name="test_writer_requires_auth" time="0.216" /><testcase classname="backend.tests.test_substack_shell.TestWriterDashboard" name="test_writer_blocks_needs_app" time="1.728" /><testcase classname="backend.tests.test_ultradian_backend.TestHealth" name="test_root" time="0.124" /><testcase classname="backend.tests.test_ultradian_backend.TestHealth" name="test_release_window" time="0.127" /><testcase classname="backend.tests.test_ultradian_backend.TestAuthMe" name="test_me_without_token" time="0.163" /><testcase classname="backend.tests.test_ultradian_backend.TestAuthMe" name="test_me_with_token" time="1.787" /><testcase classname="backend.tests.test_ultradian_backend.TestAuthMe" name="test_logout_clears_session" time="1.682" /><testcase classname="backend.tests.test_ultradian_backend.TestApplications" name="test_submit_application_flow" time="5.738" /><testcase classname="backend.tests.test_ultradian_backend.TestApplications" name="test_decline_application" time="6.100" /><testcase classname="backend.tests.test_ultradian_backend.TestProfiles" name="test_unapproved_put_403" time="1.689" /><testcase classname="backend.tests.test_ultradian_backend.TestProfiles" name="test_put_requires_exactly_3_objectives" time="1.621" /><testcase classname="backend.tests.test_ultradian_backend.TestProfiles" name="test_put_bio_max_280" time="1.625" /><testcase classname="backend.tests.test_ultradian_backend.TestProfiles" name="test_put_and_versioning" time="1.717" /><testcase classname="backend.tests.test_ultradian_backend.TestProfiles" name="test_get_profile_by_user_id" time="1.699" /><testcase classname="backend.tests.test_ultradian_backend.TestPosts" name="test_unapproved_cannot_post" time="1.597" /><testcase classname="backend.tests.test_ultradian_backend.TestPosts" name="test_post_text_max_500" time="1.678" /><testcase classname="backend.tests.test_ultradian_backend.TestPosts" name="test_create_post_and_public_feed" time="18.417" /><testcase classname="backend.tests.test_ultradian_backend.TestPosts" name="test_feed_only_approved" time="3.303" /></testsuite></testsuites>