<?xml version="1.0" encoding="utf-8"?><testsuites name="pytest tests"><testsuite name="pytest" errors="0" failures="0" skipped="0" tests="11" time="8.007" timestamp="2026-05-13T19:07:17.054708+00:00" hostname="agent-env-48d171ef-b2f0-4291-8dfd-5e6968816a67"><testcase classname="tests.test_iter15_substack_share.TestAdminRssEndpoints" name="test_non_admin_forbidden_on_import" time="1.020" /><testcase classname="tests.test_iter15_substack_share.TestAdminRssEndpoints" name="test_non_admin_forbidden_on_status" time="0.844" /><testcase classname="tests.test_iter15_substack_share.TestAdminRssEndpoints" name="test_unauthenticated_forbidden" time="0.426" /><testcase classname="tests.test_iter15_substack_share.TestAdminRssEndpoints" name="test_admin_import_then_idempotent_and_status" time="1.569" /><testcase classname="tests.test_iter15_substack_share.TestImportedEssayShape" name="test_essay_fetchable_and_no_hashtag_trailing" time="1.507" /><testcase classname="tests.test_iter15_substack_share.TestSessionHasProfile" name="test_session_invalid_id_401" time="0.670" /><testcase classname="tests.test_iter15_substack_share.TestSessionHasProfile" name="test_me_has_profile_false_for_seeded_member" time="0.822" /><testcase classname="tests.test_iter15_substack_share.TestSessionHasProfile" name="test_me_has_profile_true_when_profile_exists" time="1.054" /><testcase classname="tests.test_iter15_substack_share.TestHashtagStripperUnit" name="test_strip_trailing_hashtag_only_line" time="0.059" /><testcase classname="tests.test_iter15_substack_share.TestHashtagStripperUnit" name="test_strip_trailing_inline_hashtags" time="0.000" /><testcase classname="tests.test_iter15_substack_share.TestHashtagStripperUnit" name="test_keeps_body_hashtags" time="0.000" /></testsuite></testsuites>