<?xml version="1.0" encoding="utf-8"?><testsuites name="pytest tests"><testsuite name="pytest" errors="0" failures="0" skipped="0" tests="198" time="498.047" timestamp="2026-05-13T15:50:48.679142+00:00" hostname="agent-env-33228e99-ab19-4971-9215-d69671c9c927"><testcase classname="tests.test_media_uploads.TestImageUpload" name="test_upload_image_jpg" time="3.041" /><testcase classname="tests.test_media_uploads.TestImageUpload" name="test_upload_image_oversized" time="0.882" /><testcase classname="tests.test_media_uploads.TestVideoUpload" name="test_upload_short_video" time="0.823" /><testcase classname="tests.test_media_uploads.TestVideoUpload" name="test_upload_long_video_now_queues_hls" time="0.249" /><testcase classname="tests.test_media_uploads.TestVideoUpload" name="test_upload_oversized_video" time="14.264" /><testcase classname="tests.test_media_uploads.TestAudioUpload" name="test_upload_audio_mp3" time="0.465" /><testcase classname="tests.test_media_uploads.TestAudioUpload" name="test_upload_long_audio_rejected" time="0.542" /><testcase classname="tests.test_media_uploads.TestAudioUpload" name="test_upload_oversized_audio" time="1.233" /><testcase classname="tests.test_media_uploads.TestUnsupportedUpload" name="test_reject_text" time="0.123" /><testcase classname="tests.test_media_uploads.TestEmbedParser" name="test_youtube_watch" time="0.114" /><testcase classname="tests.test_media_uploads.TestEmbedParser" name="test_youtube_short_url" time="0.112" /><testcase classname="tests.test_media_uploads.TestEmbedParser" name="test_youtube_shorts" time="0.133" /><testcase classname="tests.test_media_uploads.TestEmbedParser" name="test_vimeo" time="0.248" /><testcase classname="tests.test_media_uploads.TestEmbedParser" name="test_unsupported_url" time="0.153" /><testcase classname="tests.test_media_uploads.TestPostsMedia" name="test_short_post_with_mixed_media" time="1.783" /><testcase classname="tests.test_media_uploads.TestPostsMedia" name="test_short_post_5_images_rejected" time="0.480" /><testcase classname="tests.test_media_uploads.TestPostsMedia" name="test_short_post_two_videos_rejected" time="1.262" /><testcase classname="tests.test_media_uploads.TestPostsMedia" name="test_video_plus_embed_rejected" time="0.746" /><testcase classname="tests.test_media_uploads.TestPostsMedia" name="test_essay_with_media" time="0.626" /><testcase classname="tests.test_media_uploads.TestPostsMedia" name="test_essay_too_short_rejected" time="0.121" /><testcase classname="tests.test_media_uploads.TestPostsMedia" name="test_essay_missing_title_rejected" time="0.118" /><testcase classname="tests.test_media_uploads.TestLegacyBackCompat" name="test_legacy_image_path_surfaces_in_media" time="0.525" /><testcase classname="tests.test_media_uploads.TestDraftMedia" name="test_draft_persists_media" time="0.688" /><testcase classname="tests.test_media_uploads.TestFeeds" name="test_public_feed_returns_media" time="0.552" /><testcase classname="tests.test_phase2_batched_release.TestPostCreatePendingRelease" name="test_post_returns_pending_release_with_release_at" time="0.819" /><testcase classname="tests.test_phase2_batched_release.TestPostCreatePendingRelease" name="test_pending_post_not_in_public_feed" time="0.891" /><testcase classname="tests.test_phase2_batched_release.TestPostCreatePendingRelease" name="test_pending_post_not_in_feed" time="0.811" /><testcase classname="tests.test_phase2_batched_release.TestPostsMine" name="test_mine_unapproved_returns_empty" time="0.882" /><testcase classname="tests.test_phase2_batched_release.TestPostsMine" name="test_mine_returns_queued_and_released" time="20.510" /><testcase classname="tests.test_phase2_batched_release.TestReplies" name="test_reply_unapproved_403" time="1.508" /><testcase classname="tests.test_phase2_batched_release.TestReplies" name="test_reply_to_nonexistent_404" time="0.768" /><testcase classname="tests.test_phase2_batched_release.TestReplies" name="test_reply_text_validation" time="0.913" /><testcase classname="tests.test_phase2_batched_release.TestReplies" name="test_reply_create_pending_and_visibility" time="21.764" /><testcase classname="tests.test_phase2_batched_release.TestAdminReleaseNow" name="test_release_now_requires_admin" time="0.794" /><testcase classname="tests.test_phase2_batched_release.TestAdminReleaseNow" name="test_release_now_returns_summary" time="0.782" /><testcase classname="tests.test_phase2_batched_release.TestAdminReleaseNow" name="test_release_now_flips_due_pending" time="20.848" /><testcase classname="tests.test_phase2_batched_release.TestReleaseWindowEndpoint" name="test_release_window_iso_future" time="0.103" /><testcase classname="tests.test_phase3_moderation_follows.TestDigestPrefs" name="test_get_defaults_when_unset" time="1.076" /><testcase classname="tests.test_phase3_moderation_follows.TestDigestPrefs" name="test_put_persists_booleans" time="1.120" /><testcase classname="tests.test_phase3_moderation_follows.TestDigestPrefs" name="test_put_validates_types" time="1.174" /><testcase classname="tests.test_phase3_moderation_follows.TestDigestPrefs" name="test_release_now_counts_respect_prefs" time="21.885" /><testcase classname="tests.test_phase3_moderation_follows.TestMembersDirectory" name="test_unapproved_403" time="1.144" /><testcase classname="tests.test_phase3_moderation_follows.TestMembersDirectory" name="test_returns_approved_with_profile_and_search" time="1.244" /><testcase classname="tests.test_phase3_moderation_follows.TestMembersDirectory" name="test_suspended_excluded" time="1.858" /><testcase classname="tests.test_phase3_moderation_follows.TestFollows" name="test_follow_idempotent_and_relationship" time="1.884" /><testcase classname="tests.test_phase3_moderation_follows.TestFollows" name="test_cannot_follow_self" time="1.167" /><testcase classname="tests.test_phase3_moderation_follows.TestFollows" name="test_follow_target_must_exist" time="1.066" /><testcase classname="tests.test_phase3_moderation_follows.TestFollows" name="test_relationship_self_returns_counts" time="2.130" /><testcase classname="tests.test_phase3_moderation_follows.TestFollows" name="test_my_following_lists_and_excludes_suspended" time="2.833" /><testcase classname="tests.test_phase3_moderation_follows.TestFeedScopeFollowing" name="test_following_scope_filters" time="22.575" /><testcase classname="tests.test_phase3_moderation_follows.TestFlagging" name="test_flag_post_idempotent_and_404" time="1.992" /><testcase classname="tests.test_phase3_moderation_follows.TestFlagging" name="test_flag_reply_and_404" time="22.177" /><testcase classname="tests.test_phase3_moderation_follows.TestAdminModeration" name="test_admin_only_flags_list" time="1.146" /><testcase classname="tests.test_phase3_moderation_follows.TestAdminModeration" name="test_hide_post_resolves_flags_and_excludes_from_feeds" time="23.877" /><testcase classname="tests.test_phase3_moderation_follows.TestAdminModeration" name="test_hide_reply_excludes_for_everyone" time="22.399" /><testcase classname="tests.test_phase3_moderation_follows.TestAdminModeration" name="test_dismiss_flag" time="2.565" /><testcase classname="tests.test_phase3_moderation_follows.TestAdminSuspend" name="test_suspend_blocks_posts_and_hides_from_feeds" time="21.442" /><testcase classname="tests.test_phase3_moderation_follows.TestAdminSuspend" name="test_cannot_suspend_admin" time="1.211" /><testcase classname="tests.test_phase3_moderation_follows.TestAdminSuspend" name="test_suspend_requires_admin" time="1.105" /><testcase classname="tests.test_phase3_moderation_follows.TestAdminSuspend" name="test_suspend_blocks_replies" time="21.461" /><testcase classname="tests.test_phase4_picks_analytics_payments.TestPetePicks" name="test_pick_requires_admin" time="0.783" /><testcase classname="tests.test_phase4_picks_analytics_payments.TestPetePicks" name="test_pick_404_on_missing_post" time="0.749" /><testcase classname="tests.test_phase4_picks_analytics_payments.TestPetePicks" name="test_pick_and_unpick_flow" time="2.238" /><testcase classname="tests.test_phase4_picks_analytics_payments.TestPetePicks" name="test_picks_excludes_hidden_and_suspended" time="2.812" /><testcase classname="tests.test_phase4_picks_analytics_payments.TestPetePicks" name="test_feed_includes_is_pete_pick_and_is_supporter" time="2.604" /><testcase classname="tests.test_phase4_picks_analytics_payments.TestAdminAnalytics" name="test_analytics_requires_admin" time="0.781" /><testcase classname="tests.test_phase4_picks_analytics_payments.TestAdminAnalytics" name="test_analytics_no_auth" time="0.132" /><testcase classname="tests.test_phase4_picks_analytics_payments.TestAdminAnalytics" name="test_analytics_shape" time="0.751" /><testcase classname="tests.test_phase4_picks_analytics_payments.TestPayments" name="test_subscription_default_not_supporter" time="1.064" /><testcase classname="tests.test_phase4_picks_analytics_payments.TestPayments" name="test_checkout_403_for_unapproved" time="0.735" /><testcase classname="tests.test_phase4_picks_analytics_payments.TestPayments" name="test_checkout_requires_auth" time="0.130" /><testcase classname="tests.test_phase4_picks_analytics_payments.TestPayments" name="test_checkout_creates_pending_row_or_502" time="1.777" /><testcase classname="tests.test_phase4_picks_analytics_payments.TestPayments" name="test_status_404_for_unknown_session" time="0.749" /><testcase classname="tests.test_phase4_picks_analytics_payments.TestPayments" name="test_status_403_for_other_users_session" time="1.396" /><testcase classname="tests.test_phase4_picks_analytics_payments.TestPayments" name="test_status_idempotent_grant_already_paid" time="2.768" /><testcase classname="tests.test_phase4_picks_analytics_payments.TestPayments" name="test_subscription_reflects_active_supporter" time="1.353" /><testcase classname="tests.test_phase4_picks_analytics_payments.TestPayments" name="test_webhook_invalid_signature_returns_400" time="0.118" /><testcase classname="tests.test_phase4_picks_analytics_payments.TestPayments" name="test_supporter_flag_on_feed_author" time="2.361" /><testcase classname="tests.test_phase4b_email_invites_tracking.TestEmailHealth" name="test_dns_records_admin" time="0.762" /><testcase classname="tests.test_phase4b_email_invites_tracking.TestEmailHealth" name="test_dns_records_non_admin_forbidden" time="0.791" /><testcase classname="tests.test_phase4b_email_invites_tracking.TestEmailHealth" name="test_test_send_invalid_email_422" time="0.781" /><testcase classname="tests.test_phase4b_email_invites_tracking.TestEmailHealth" name="test_test_send_non_admin_forbidden" time="0.773" /><testcase classname="tests.test_phase4b_email_invites_tracking.TestInvites" name="test_list_requires_approved" time="0.791" /><testcase classname="tests.test_phase4b_email_invites_tracking.TestInvites" name="test_list_approved_empty" time="0.751" /><testcase classname="tests.test_phase4b_email_invites_tracking.TestInvites" name="test_generate_two_then_third_rejected" time="1.201" /><testcase classname="tests.test_phase4b_email_invites_tracking.TestInvites" name="test_revoke_unused_code" time="0.994" /><testcase classname="tests.test_phase4b_email_invites_tracking.TestInvites" name="test_revoke_redeemed_rejected" time="3.306" /><testcase classname="tests.test_phase4b_email_invites_tracking.TestInvites" name="test_public_validate" time="1.226" /><testcase classname="tests.test_phase4b_email_invites_tracking.TestInvites" name="test_application_redeems_and_marks" time="3.746" /><testcase classname="tests.test_phase4b_email_invites_tracking.TestTracking" name="test_open_pixel_inserts_event" time="0.418" /><testcase classname="tests.test_phase4b_email_invites_tracking.TestTracking" name="test_click_redirects_302" time="0.491" /><testcase classname="tests.test_phase4b_email_invites_tracking.TestTracking" name="test_click_rejects_empty_target" time="0.186" /><testcase classname="tests.test_phase4b_email_invites_tracking.TestTracking" name="test_click_rejects_non_http" time="0.113" /><testcase classname="tests.test_phase4b_email_invites_tracking.TestTracking" name="test_wrap_for_tracking_helper" time="0.001" /><testcase classname="tests.test_phase4b_email_invites_tracking.TestEmailAnalytics" name="test_email_analytics_admin" time="1.375" /><testcase classname="tests.test_phase4b_email_invites_tracking.TestEmailAnalytics" name="test_email_analytics_non_admin_forbidden" time="0.801" /><testcase classname="tests.test_phase5_essays.TestShortPostRegression" name="test_short_post_kind_omitted_defaults_to_post" time="0.757" /><testcase classname="tests.test_phase5_essays.TestShortPostRegression" name="test_short_post_500_char_limit_enforced" time="0.776" /><testcase classname="tests.test_phase5_essays.TestShortPostRegression" name="test_short_post_500_chars_ok" time="0.821" /><testcase classname="tests.test_phase5_essays.TestEssayCreate" name="test_essay_happy_path" time="0.790" /><testcase classname="tests.test_phase5_essays.TestEssayCreate" name="test_essay_missing_title_422" time="0.771" /><testcase classname="tests.test_phase5_essays.TestEssayCreate" name="test_essay_empty_title_422" time="0.753" /><testcase classname="tests.test_phase5_essays.TestEssayCreate" name="test_essay_body_too_short_422" time="0.763" /><testcase classname="tests.test_phase5_essays.TestEssayCreate" name="test_essay_body_max_50000_chars_ok" time="1.078" /><testcase classname="tests.test_phase5_essays.TestEssayCreate" name="test_essay_body_over_50000_422" time="0.807" /><testcase classname="tests.test_phase5_essays.TestEssayCreate" name="test_essay_unapproved_user_403" time="0.779" /><testcase classname="tests.test_phase5_essays.TestEssayFollowerDispatch" name="test_dispatch_to_two_followers" time="3.256" /><testcase classname="tests.test_phase5_essays.TestEssayFollowerDispatch" name="test_dispatch_idempotent_via_direct_invoke" time="2.268" /><testcase classname="tests.test_phase5_essays.TestEssayReader" name="test_member_gets_full_body" time="0.822" /><testcase classname="tests.test_phase5_essays.TestEssayReader" name="test_unauth_paywall_with_preview" time="0.819" /><testcase classname="tests.test_phase5_essays.TestEssayReader" name="test_non_member_paywall" time="1.502" /><testcase classname="tests.test_phase5_essays.TestEssayReader" name="test_hidden_essay_404" time="1.572" /><testcase classname="tests.test_phase5_essays.TestEssayReader" name="test_suspended_author_essay_404" time="1.599" /><testcase classname="tests.test_phase5_essays.TestEssayReader" name="test_post_kind_id_404" time="0.861" /><testcase classname="tests.test_phase5_essays.TestEssayReader" name="test_unknown_essay_404" time="0.765" /><testcase classname="tests.test_phase5_essays.TestFeedEssayPayload" name="test_public_feed_has_essay_with_preview_not_text" time="0.824" /><testcase classname="tests.test_phase5_essays.TestFeedEssayPayload" name="test_feed_endpoint_returns_essay_preview" time="0.836" /><testcase classname="tests.test_phase5_essays.TestFeedEssayPayload" name="test_mine_returns_essay_preview" time="0.795" /><testcase classname="tests.test_phase5_essays.TestFeedEssayPayload" name="test_by_user_returns_essay_preview" time="0.812" /><testcase classname="tests.test_phase5_essays.TestPetePickEssay" name="test_admin_can_pick_essay" time="1.703" /><testcase classname="tests.test_phase5b_drafts_markdown_schedule_archive.TestMarkdownRender" name="test_render_function_basic" time="0.039" /><testcase classname="tests.test_phase5b_drafts_markdown_schedule_archive.TestMarkdownRender" name="test_render_strips_script_and_handlers" time="0.001" /><testcase classname="tests.test_phase5b_drafts_markdown_schedule_archive.TestMarkdownRender" name="test_render_empty" time="0.000" /><testcase classname="tests.test_phase5b_drafts_markdown_schedule_archive.TestMarkdownRender" name="test_essay_response_includes_html_for_member" time="1.251" /><testcase classname="tests.test_phase5b_drafts_markdown_schedule_archive.TestMarkdownRender" name="test_essay_response_paywall_no_html_text" time="1.224" /><testcase classname="tests.test_phase5b_drafts_markdown_schedule_archive.TestDrafts" name="test_get_empty_draft" time="1.253" /><testcase classname="tests.test_phase5b_drafts_markdown_schedule_archive.TestDrafts" name="test_put_then_get_draft" time="1.653" /><testcase classname="tests.test_phase5b_drafts_markdown_schedule_archive.TestDrafts" name="test_put_upserts_single_draft" time="1.777" /><testcase classname="tests.test_phase5b_drafts_markdown_schedule_archive.TestDrafts" name="test_delete_draft" time="1.406" /><testcase classname="tests.test_phase5b_drafts_markdown_schedule_archive.TestDrafts" name="test_draft_cleared_on_publish" time="1.825" /><testcase classname="tests.test_phase5b_drafts_markdown_schedule_archive.TestDrafts" name="test_draft_cleared_on_essay_publish" time="1.639" /><testcase classname="tests.test_phase5b_drafts_markdown_schedule_archive.TestScheduledEssays" name="test_schedule_future_creates_scheduled_essay" time="2.357" /><testcase classname="tests.test_phase5b_drafts_markdown_schedule_archive.TestScheduledEssays" name="test_schedule_past_rejected_422" time="0.815" /><testcase classname="tests.test_phase5b_drafts_markdown_schedule_archive.TestScheduledEssays" name="test_short_post_ignores_scheduled_at" time="1.071" /><testcase classname="tests.test_phase5b_drafts_markdown_schedule_archive.TestScheduledEssays" name="test_process_scheduled_essays_flips_and_dispatches_idempotent" time="3.309" /><testcase classname="tests.test_phase5b_drafts_markdown_schedule_archive.TestMemberArchive" name="test_archive_returns_released_essays_chronological_desc" time="2.796" /><testcase classname="tests.test_phase5b_drafts_markdown_schedule_archive.TestMemberArchive" name="test_archive_excludes_scheduled_unreleased" time="1.687" /><testcase classname="tests.test_phase5b_drafts_markdown_schedule_archive.TestMemberArchive" name="test_archive_excludes_short_posts" time="1.186" /><testcase classname="tests.test_phase5b_drafts_markdown_schedule_archive.TestMemberArchive" name="test_archive_empty_for_suspended_writer" time="2.489" /><testcase classname="tests.test_phase5e_richtext_media.TestMarkdownRenderInlineMedia" name="test_iframe_preserved" time="0.001" /><testcase classname="tests.test_phase5e_richtext_media.TestMarkdownRenderInlineMedia" name="test_video_preserved" time="0.001" /><testcase classname="tests.test_phase5e_richtext_media.TestMarkdownRenderInlineMedia" name="test_audio_preserved" time="0.001" /><testcase classname="tests.test_phase5e_richtext_media.TestMarkdownRenderInlineMedia" name="test_source_inside_video" time="0.001" /><testcase classname="tests.test_phase5e_richtext_media.TestMarkdownRenderInlineMedia" name="test_script_still_stripped" time="0.001" /><testcase classname="tests.test_phase5e_richtext_media.TestEssayInlineIframe" name="test_essay_with_inline_iframe_round_trips" time="1.253" /><testcase classname="tests.test_phase6_prompts_p1.TestPromptsCRUD" name="test_current_empty_when_none_active" time="2.991" /><testcase classname="tests.test_phase6_prompts_p1.TestPromptsCRUD" name="test_admin_create_demotes_existing_active" time="3.691" /><testcase classname="tests.test_phase6_prompts_p1.TestPromptsCRUD" name="test_non_admin_create_forbidden" time="2.700" /><testcase classname="tests.test_phase6_prompts_p1.TestPromptsCRUD" name="test_get_prompt_with_responses" time="2.894" /><testcase classname="tests.test_phase6_prompts_p1.TestPromptsCRUD" name="test_patch_and_delete" time="3.110" /><testcase classname="tests.test_phase6_prompts_p1.TestSuggestions" name="test_member_can_suggest_then_admin_accepts" time="3.062" /><testcase classname="tests.test_phase6_prompts_p1.TestSuggestions" name="test_reject_suggestion" time="3.003" /><testcase classname="tests.test_phase6_prompts_p1.TestPostPromptLink" name="test_post_with_valid_prompt_id_sets_snapshot_in_feed" time="2.822" /><testcase classname="tests.test_phase6_prompts_p1.TestPostPromptLink" name="test_post_with_invalid_prompt_id_400" time="2.020" /><testcase classname="tests.test_phase6_prompts_p1.TestApplicationsRateLimit" name="test_second_application_within_24h_returns_429" time="2.905" /><testcase classname="tests.test_phase6_prompts_p1.TestImageResize" name="test_large_jpeg_resized_and_capped_at_1920" time="2.101" /><testcase classname="tests.test_phase6_prompts_p1.TestImageResize" name="test_gif_is_not_resized" time="1.864" /><testcase classname="tests.test_phase6_prompts_p1.TestAdvanceWeeklyPrompt" name="test_advance_promotes_scheduled" time="1.775" /><testcase classname="tests.test_phase7_hls_launch.TestHLSHybrid" name="test_short_video_still_inline" time="1.124" /><testcase classname="tests.test_phase7_hls_launch.TestHLSHybrid" name="test_long_video_queues_transcode" time="13.349" /><testcase classname="tests.test_phase7_hls_launch.TestHLSHybrid" name="test_transcode_404_for_unknown" time="0.145" /><testcase classname="tests.test_phase7_hls_launch.TestHLSHybrid" name="test_transcode_403_for_other_user" time="1.151" /><testcase classname="tests.test_phase7_hls_launch.TestHLSHybrid" name="test_too_long_video_rejected" time="0.597" /><testcase classname="tests.test_phase7_hls_launch.TestHLSHybrid" name="test_oversized_video_rejected" time="7.507" /><testcase classname="tests.test_phase7_hls_launch.TestPostsHLS" name="test_post_with_hls_only" time="11.804" /><testcase classname="tests.test_phase7_hls_launch.TestPostsHLS" name="test_video_media_without_path_or_hls_rejected" time="0.109" /><testcase classname="tests.test_phase7_hls_launch.TestPublicUrl" name="test_get_public_url_requires_admin" time="0.116" /><testcase classname="tests.test_phase7_hls_launch.TestPublicUrl" name="test_set_public_url_requires_admin" time="0.113" /><testcase classname="tests.test_phase7_hls_launch.TestPublicUrl" name="test_readiness_requires_admin" time="0.155" /><testcase classname="tests.test_phase7_hls_launch.TestPublicUrl" name="test_get_public_url_as_admin" time="0.462" /><testcase classname="tests.test_phase7_hls_launch.TestPublicUrl" name="test_set_then_get_public_url" time="1.005" /><testcase classname="tests.test_substack_shell.TestEssaysSearch" name="test_essays_list_public" time="0.108" /><testcase classname="tests.test_substack_shell.TestEssaysSearch" name="test_essays_search_q" time="0.109" /><testcase classname="tests.test_substack_shell.TestEssaysSearch" name="test_essays_search_market" time="0.114" /><testcase classname="tests.test_substack_shell.TestReaderBookmarks" name="test_get_bookmarks_empty" time="0.779" /><testcase classname="tests.test_substack_shell.TestReaderBookmarks" name="test_bookmark_lifecycle" time="2.687" /><testcase classname="tests.test_substack_shell.TestReaderBookmarks" name="test_bookmarks_requires_auth" time="0.133" /><testcase classname="tests.test_substack_shell.TestWriterDashboard" name="test_stats_shape" time="0.772" /><testcase classname="tests.test_substack_shell.TestWriterDashboard" name="test_published_list" time="0.818" /><testcase classname="tests.test_substack_shell.TestWriterDashboard" name="test_scheduled_list" time="0.766" /><testcase classname="tests.test_substack_shell.TestWriterDashboard" name="test_writer_requires_auth" time="0.113" /><testcase classname="tests.test_substack_shell.TestWriterDashboard" name="test_writer_blocks_needs_app" time="0.746" /><testcase classname="tests.test_ultradian_backend.TestHealth" name="test_root" time="0.106" /><testcase classname="tests.test_ultradian_backend.TestHealth" name="test_release_window" time="0.173" /><testcase classname="tests.test_ultradian_backend.TestAuthMe" name="test_me_without_token" time="0.141" /><testcase classname="tests.test_ultradian_backend.TestAuthMe" name="test_me_with_token" time="0.753" /><testcase classname="tests.test_ultradian_backend.TestAuthMe" name="test_logout_clears_session" time="0.829" /><testcase classname="tests.test_ultradian_backend.TestApplications" name="test_submit_application_flow" time="4.363" /><testcase classname="tests.test_ultradian_backend.TestApplications" name="test_decline_application" time="4.037" /><testcase classname="tests.test_ultradian_backend.TestProfiles" name="test_unapproved_put_403" time="0.798" /><testcase classname="tests.test_ultradian_backend.TestProfiles" name="test_put_requires_exactly_3_objectives" time="0.859" /><testcase classname="tests.test_ultradian_backend.TestProfiles" name="test_put_bio_max_280" time="0.748" /><testcase classname="tests.test_ultradian_backend.TestProfiles" name="test_put_and_versioning" time="0.911" /><testcase classname="tests.test_ultradian_backend.TestProfiles" name="test_get_profile_by_user_id" time="0.906" /><testcase classname="tests.test_ultradian_backend.TestPosts" name="test_unapproved_cannot_post" time="0.738" /><testcase classname="tests.test_ultradian_backend.TestPosts" name="test_post_text_max_500" time="0.776" /><testcase classname="tests.test_ultradian_backend.TestPosts" name="test_create_post_and_public_feed" time="21.874" /><testcase classname="tests.test_ultradian_backend.TestPosts" name="test_feed_only_approved" time="1.431" /></testsuite></testsuites>