<?xml version="1.0" encoding="utf-8"?><testsuites name="pytest tests"><testsuite name="pytest" errors="0" failures="0" skipped="0" tests="94" time="193.370" timestamp="2026-05-13T02:17:19.440764+00:00" hostname="agent-env-23f1c981-a53d-4988-8267-f617c10aa9a9"><testcase classname="tests.test_phase2_batched_release.TestPostCreatePendingRelease" name="test_post_returns_pending_release_with_release_at" time="0.998" /><testcase classname="tests.test_phase2_batched_release.TestPostCreatePendingRelease" name="test_pending_post_not_in_public_feed" time="1.107" /><testcase classname="tests.test_phase2_batched_release.TestPostCreatePendingRelease" name="test_pending_post_not_in_feed" time="1.058" /><testcase classname="tests.test_phase2_batched_release.TestPostsMine" name="test_mine_unapproved_returns_empty" time="0.941" /><testcase classname="tests.test_phase2_batched_release.TestPostsMine" name="test_mine_returns_queued_and_released" time="5.085" /><testcase classname="tests.test_phase2_batched_release.TestReplies" name="test_reply_unapproved_403" time="1.917" /><testcase classname="tests.test_phase2_batched_release.TestReplies" name="test_reply_to_nonexistent_404" time="0.987" /><testcase classname="tests.test_phase2_batched_release.TestReplies" name="test_reply_text_validation" time="1.056" /><testcase classname="tests.test_phase2_batched_release.TestReplies" name="test_reply_create_pending_and_visibility" time="5.643" /><testcase classname="tests.test_phase2_batched_release.TestAdminReleaseNow" name="test_release_now_requires_admin" time="0.984" /><testcase classname="tests.test_phase2_batched_release.TestAdminReleaseNow" name="test_release_now_returns_summary" time="0.930" /><testcase classname="tests.test_phase2_batched_release.TestAdminReleaseNow" name="test_release_now_flips_due_pending" time="4.800" /><testcase classname="tests.test_phase2_batched_release.TestReleaseWindowEndpoint" name="test_release_window_iso_future" time="0.131" /><testcase classname="tests.test_phase3_moderation_follows.TestDigestPrefs" name="test_get_defaults_when_unset" time="1.410" /><testcase classname="tests.test_phase3_moderation_follows.TestDigestPrefs" name="test_put_persists_booleans" time="1.409" /><testcase classname="tests.test_phase3_moderation_follows.TestDigestPrefs" name="test_put_validates_types" time="1.494" /><testcase classname="tests.test_phase3_moderation_follows.TestDigestPrefs" name="test_release_now_counts_respect_prefs" time="5.498" /><testcase classname="tests.test_phase3_moderation_follows.TestMembersDirectory" name="test_unapproved_403" time="1.409" /><testcase classname="tests.test_phase3_moderation_follows.TestMembersDirectory" name="test_returns_approved_with_profile_and_search" time="1.584" /><testcase classname="tests.test_phase3_moderation_follows.TestMembersDirectory" name="test_suspended_excluded" time="2.334" /><testcase classname="tests.test_phase3_moderation_follows.TestFollows" name="test_follow_idempotent_and_relationship" time="2.687" /><testcase classname="tests.test_phase3_moderation_follows.TestFollows" name="test_cannot_follow_self" time="1.395" /><testcase classname="tests.test_phase3_moderation_follows.TestFollows" name="test_follow_target_must_exist" time="1.388" /><testcase classname="tests.test_phase3_moderation_follows.TestFollows" name="test_relationship_self_returns_counts" time="2.467" /><testcase classname="tests.test_phase3_moderation_follows.TestFollows" name="test_my_following_lists_and_excludes_suspended" time="3.389" /><testcase classname="tests.test_phase3_moderation_follows.TestFeedScopeFollowing" name="test_following_scope_filters" time="7.656" /><testcase classname="tests.test_phase3_moderation_follows.TestFlagging" name="test_flag_post_idempotent_and_404" time="2.466" /><testcase classname="tests.test_phase3_moderation_follows.TestFlagging" name="test_flag_reply_and_404" time="6.793" /><testcase classname="tests.test_phase3_moderation_follows.TestAdminModeration" name="test_admin_only_flags_list" time="1.415" /><testcase classname="tests.test_phase3_moderation_follows.TestAdminModeration" name="test_hide_post_resolves_flags_and_excludes_from_feeds" time="7.647" /><testcase classname="tests.test_phase3_moderation_follows.TestAdminModeration" name="test_hide_reply_excludes_for_everyone" time="7.149" /><testcase classname="tests.test_phase3_moderation_follows.TestAdminModeration" name="test_dismiss_flag" time="3.600" /><testcase classname="tests.test_phase3_moderation_follows.TestAdminSuspend" name="test_suspend_blocks_posts_and_hides_from_feeds" time="7.094" /><testcase classname="tests.test_phase3_moderation_follows.TestAdminSuspend" name="test_cannot_suspend_admin" time="1.402" /><testcase classname="tests.test_phase3_moderation_follows.TestAdminSuspend" name="test_suspend_requires_admin" time="1.375" /><testcase classname="tests.test_phase3_moderation_follows.TestAdminSuspend" name="test_suspend_blocks_replies" time="5.216" /><testcase classname="tests.test_phase4_picks_analytics_payments.TestPetePicks" name="test_pick_requires_admin" time="1.021" /><testcase classname="tests.test_phase4_picks_analytics_payments.TestPetePicks" name="test_pick_404_on_missing_post" time="1.006" /><testcase classname="tests.test_phase4_picks_analytics_payments.TestPetePicks" name="test_pick_and_unpick_flow" time="2.860" /><testcase classname="tests.test_phase4_picks_analytics_payments.TestPetePicks" name="test_picks_excludes_hidden_and_suspended" time="3.706" /><testcase classname="tests.test_phase4_picks_analytics_payments.TestPetePicks" name="test_feed_includes_is_pete_pick_and_is_supporter" time="3.081" /><testcase classname="tests.test_phase4_picks_analytics_payments.TestAdminAnalytics" name="test_analytics_requires_admin" time="0.991" /><testcase classname="tests.test_phase4_picks_analytics_payments.TestAdminAnalytics" name="test_analytics_no_auth" time="0.141" /><testcase classname="tests.test_phase4_picks_analytics_payments.TestAdminAnalytics" name="test_analytics_shape" time="0.964" /><testcase classname="tests.test_phase4_picks_analytics_payments.TestPayments" name="test_subscription_default_not_supporter" time="1.367" /><testcase classname="tests.test_phase4_picks_analytics_payments.TestPayments" name="test_checkout_403_for_unapproved" time="0.943" /><testcase classname="tests.test_phase4_picks_analytics_payments.TestPayments" name="test_checkout_requires_auth" time="0.157" /><testcase classname="tests.test_phase4_picks_analytics_payments.TestPayments" name="test_checkout_creates_pending_row_or_502" time="1.737" /><testcase classname="tests.test_phase4_picks_analytics_payments.TestPayments" name="test_status_404_for_unknown_session" time="0.988" /><testcase classname="tests.test_phase4_picks_analytics_payments.TestPayments" name="test_status_403_for_other_users_session" time="1.789" /><testcase classname="tests.test_phase4_picks_analytics_payments.TestPayments" name="test_status_idempotent_grant_already_paid" time="3.513" /><testcase classname="tests.test_phase4_picks_analytics_payments.TestPayments" name="test_subscription_reflects_active_supporter" time="1.798" /><testcase classname="tests.test_phase4_picks_analytics_payments.TestPayments" name="test_webhook_invalid_signature_returns_400" time="0.103" /><testcase classname="tests.test_phase4_picks_analytics_payments.TestPayments" name="test_supporter_flag_on_feed_author" time="2.692" /><testcase classname="tests.test_phase5_essays.TestShortPostRegression" name="test_short_post_kind_omitted_defaults_to_post" time="0.982" /><testcase classname="tests.test_phase5_essays.TestShortPostRegression" name="test_short_post_500_char_limit_enforced" time="1.015" /><testcase classname="tests.test_phase5_essays.TestShortPostRegression" name="test_short_post_500_chars_ok" time="0.961" /><testcase classname="tests.test_phase5_essays.TestEssayCreate" name="test_essay_happy_path" time="1.001" /><testcase classname="tests.test_phase5_essays.TestEssayCreate" name="test_essay_missing_title_422" time="1.002" /><testcase classname="tests.test_phase5_essays.TestEssayCreate" name="test_essay_empty_title_422" time="0.934" /><testcase classname="tests.test_phase5_essays.TestEssayCreate" name="test_essay_body_too_short_422" time="0.982" /><testcase classname="tests.test_phase5_essays.TestEssayCreate" name="test_essay_body_max_50000_chars_ok" time="1.019" /><testcase classname="tests.test_phase5_essays.TestEssayCreate" name="test_essay_body_over_50000_422" time="1.066" /><testcase classname="tests.test_phase5_essays.TestEssayCreate" name="test_essay_unapproved_user_403" time="0.934" /><testcase classname="tests.test_phase5_essays.TestEssayFollowerDispatch" name="test_dispatch_to_two_followers" time="4.278" /><testcase classname="tests.test_phase5_essays.TestEssayFollowerDispatch" name="test_dispatch_idempotent_via_direct_invoke" time="2.787" /><testcase classname="tests.test_phase5_essays.TestEssayReader" name="test_member_gets_full_body" time="1.021" /><testcase classname="tests.test_phase5_essays.TestEssayReader" name="test_unauth_paywall_with_preview" time="1.067" /><testcase classname="tests.test_phase5_essays.TestEssayReader" name="test_non_member_paywall" time="1.896" /><testcase classname="tests.test_phase5_essays.TestEssayReader" name="test_hidden_essay_404" time="1.986" /><testcase classname="tests.test_phase5_essays.TestEssayReader" name="test_suspended_author_essay_404" time="2.026" /><testcase classname="tests.test_phase5_essays.TestEssayReader" name="test_post_kind_id_404" time="1.035" /><testcase classname="tests.test_phase5_essays.TestEssayReader" name="test_unknown_essay_404" time="0.992" /><testcase classname="tests.test_phase5_essays.TestFeedEssayPayload" name="test_public_feed_has_essay_with_preview_not_text" time="1.069" /><testcase classname="tests.test_phase5_essays.TestFeedEssayPayload" name="test_feed_endpoint_returns_essay_preview" time="1.081" /><testcase classname="tests.test_phase5_essays.TestFeedEssayPayload" name="test_mine_returns_essay_preview" time="1.028" /><testcase classname="tests.test_phase5_essays.TestFeedEssayPayload" name="test_by_user_returns_essay_preview" time="1.031" /><testcase classname="tests.test_phase5_essays.TestPetePickEssay" name="test_admin_can_pick_essay" time="2.053" /><testcase classname="tests.test_ultradian_backend.TestHealth" name="test_root" time="0.121" /><testcase classname="tests.test_ultradian_backend.TestHealth" name="test_release_window" time="0.127" /><testcase classname="tests.test_ultradian_backend.TestAuthMe" name="test_me_without_token" time="0.128" /><testcase classname="tests.test_ultradian_backend.TestAuthMe" name="test_me_with_token" time="0.994" /><testcase classname="tests.test_ultradian_backend.TestAuthMe" name="test_logout_clears_session" time="1.113" /><testcase classname="tests.test_ultradian_backend.TestApplications" name="test_submit_application_flow" time="4.844" /><testcase classname="tests.test_ultradian_backend.TestApplications" name="test_decline_application" time="5.400" /><testcase classname="tests.test_ultradian_backend.TestProfiles" name="test_unapproved_put_403" time="0.975" /><testcase classname="tests.test_ultradian_backend.TestProfiles" name="test_put_requires_exactly_3_objectives" time="1.006" /><testcase classname="tests.test_ultradian_backend.TestProfiles" name="test_put_bio_max_280" time="0.985" /><testcase classname="tests.test_ultradian_backend.TestProfiles" name="test_put_and_versioning" time="1.121" /><testcase classname="tests.test_ultradian_backend.TestProfiles" name="test_get_profile_by_user_id" time="1.097" /><testcase classname="tests.test_ultradian_backend.TestPosts" name="test_unapproved_cannot_post" time="1.051" /><testcase classname="tests.test_ultradian_backend.TestPosts" name="test_post_text_max_500" time="0.955" /><testcase classname="tests.test_ultradian_backend.TestPosts" name="test_create_post_and_public_feed" time="5.186" /><testcase classname="tests.test_ultradian_backend.TestPosts" name="test_feed_only_approved" time="2.031" /></testsuite></testsuites>