<?xml version="1.0" encoding="utf-8"?><testsuites name="pytest tests"><testsuite name="pytest" errors="0" failures="0" skipped="0" tests="13" time="42.428" timestamp="2026-05-13T15:00:54.748937+00:00" hostname="agent-env-33228e99-ab19-4971-9215-d69671c9c927"><testcase classname="tests.test_phase6_prompts_p1.TestPromptsCRUD" name="test_current_empty_when_none_active" time="4.255" /><testcase classname="tests.test_phase6_prompts_p1.TestPromptsCRUD" name="test_admin_create_demotes_existing_active" time="3.730" /><testcase classname="tests.test_phase6_prompts_p1.TestPromptsCRUD" name="test_non_admin_create_forbidden" time="3.413" /><testcase classname="tests.test_phase6_prompts_p1.TestPromptsCRUD" name="test_get_prompt_with_responses" time="3.446" /><testcase classname="tests.test_phase6_prompts_p1.TestPromptsCRUD" name="test_patch_and_delete" time="3.903" /><testcase classname="tests.test_phase6_prompts_p1.TestSuggestions" name="test_member_can_suggest_then_admin_accepts" time="3.893" /><testcase classname="tests.test_phase6_prompts_p1.TestSuggestions" name="test_reject_suggestion" time="3.611" /><testcase classname="tests.test_phase6_prompts_p1.TestPostPromptLink" name="test_post_with_valid_prompt_id_sets_snapshot_in_feed" time="3.195" /><testcase classname="tests.test_phase6_prompts_p1.TestPostPromptLink" name="test_post_with_invalid_prompt_id_400" time="2.561" /><testcase classname="tests.test_phase6_prompts_p1.TestApplicationsRateLimit" name="test_second_application_within_24h_returns_429" time="3.339" /><testcase classname="tests.test_phase6_prompts_p1.TestImageResize" name="test_large_jpeg_resized_and_capped_at_1920" time="2.582" /><testcase classname="tests.test_phase6_prompts_p1.TestImageResize" name="test_gif_is_not_resized" time="1.966" /><testcase classname="tests.test_phase6_prompts_p1.TestAdvanceWeeklyPrompt" name="test_advance_promotes_scheduled" time="2.480" /></testsuite></testsuites>