<?xml version="1.0" encoding="utf-8"?><testsuites name="pytest tests"><testsuite name="pytest" errors="0" failures="0" skipped="0" tests="52" time="121.368" timestamp="2026-05-12T19:08:22.670309+00:00" hostname="agent-env-23f1c981-a53d-4988-8267-f617c10aa9a9"><testcase classname="tests.test_phase2_batched_release.TestPostCreatePendingRelease" name="test_post_returns_pending_release_with_release_at" time="1.612" /><testcase classname="tests.test_phase2_batched_release.TestPostCreatePendingRelease" name="test_pending_post_not_in_public_feed" time="1.653" /><testcase classname="tests.test_phase2_batched_release.TestPostCreatePendingRelease" name="test_pending_post_not_in_feed" time="1.339" /><testcase classname="tests.test_phase2_batched_release.TestPostsMine" name="test_mine_unapproved_returns_empty" time="1.167" /><testcase classname="tests.test_phase2_batched_release.TestPostsMine" name="test_mine_returns_queued_and_released" time="4.145" /><testcase classname="tests.test_phase2_batched_release.TestReplies" name="test_reply_unapproved_403" time="1.829" /><testcase classname="tests.test_phase2_batched_release.TestReplies" name="test_reply_to_nonexistent_404" time="1.066" /><testcase classname="tests.test_phase2_batched_release.TestReplies" name="test_reply_text_validation" time="1.171" /><testcase classname="tests.test_phase2_batched_release.TestReplies" name="test_reply_create_pending_and_visibility" time="4.692" /><testcase classname="tests.test_phase2_batched_release.TestAdminReleaseNow" name="test_release_now_requires_admin" time="0.936" /><testcase classname="tests.test_phase2_batched_release.TestAdminReleaseNow" name="test_release_now_returns_summary" time="0.994" /><testcase classname="tests.test_phase2_batched_release.TestAdminReleaseNow" name="test_release_now_flips_due_pending" time="3.596" /><testcase classname="tests.test_phase2_batched_release.TestReleaseWindowEndpoint" name="test_release_window_iso_future" time="0.136" /><testcase classname="tests.test_phase3_moderation_follows.TestDigestPrefs" name="test_get_defaults_when_unset" time="1.328" /><testcase classname="tests.test_phase3_moderation_follows.TestDigestPrefs" name="test_put_persists_booleans" time="1.413" /><testcase classname="tests.test_phase3_moderation_follows.TestDigestPrefs" name="test_put_validates_types" time="1.529" /><testcase classname="tests.test_phase3_moderation_follows.TestDigestPrefs" name="test_release_now_counts_respect_prefs" time="4.341" /><testcase classname="tests.test_phase3_moderation_follows.TestMembersDirectory" name="test_unapproved_403" time="1.324" /><testcase classname="tests.test_phase3_moderation_follows.TestMembersDirectory" name="test_returns_approved_with_profile_and_search" time="1.537" /><testcase classname="tests.test_phase3_moderation_follows.TestMembersDirectory" name="test_suspended_excluded" time="2.254" /><testcase classname="tests.test_phase3_moderation_follows.TestFollows" name="test_follow_idempotent_and_relationship" time="2.510" /><testcase classname="tests.test_phase3_moderation_follows.TestFollows" name="test_cannot_follow_self" time="1.321" /><testcase classname="tests.test_phase3_moderation_follows.TestFollows" name="test_follow_target_must_exist" time="1.336" /><testcase classname="tests.test_phase3_moderation_follows.TestFollows" name="test_relationship_self_returns_counts" time="2.192" /><testcase classname="tests.test_phase3_moderation_follows.TestFollows" name="test_my_following_lists_and_excludes_suspended" time="3.403" /><testcase classname="tests.test_phase3_moderation_follows.TestFeedScopeFollowing" name="test_following_scope_filters" time="6.291" /><testcase classname="tests.test_phase3_moderation_follows.TestFlagging" name="test_flag_post_idempotent_and_404" time="2.352" /><testcase classname="tests.test_phase3_moderation_follows.TestFlagging" name="test_flag_reply_and_404" time="6.080" /><testcase classname="tests.test_phase3_moderation_follows.TestAdminModeration" name="test_admin_only_flags_list" time="1.401" /><testcase classname="tests.test_phase3_moderation_follows.TestAdminModeration" name="test_hide_post_resolves_flags_and_excludes_from_feeds" time="6.607" /><testcase classname="tests.test_phase3_moderation_follows.TestAdminModeration" name="test_hide_reply_excludes_for_everyone" time="6.593" /><testcase classname="tests.test_phase3_moderation_follows.TestAdminModeration" name="test_dismiss_flag" time="3.401" /><testcase classname="tests.test_phase3_moderation_follows.TestAdminSuspend" name="test_suspend_blocks_posts_and_hides_from_feeds" time="4.993" /><testcase classname="tests.test_phase3_moderation_follows.TestAdminSuspend" name="test_cannot_suspend_admin" time="1.340" /><testcase classname="tests.test_phase3_moderation_follows.TestAdminSuspend" name="test_suspend_requires_admin" time="1.378" /><testcase classname="tests.test_phase3_moderation_follows.TestAdminSuspend" name="test_suspend_blocks_replies" time="4.502" /><testcase classname="tests.test_ultradian_backend.TestHealth" name="test_root" time="0.225" /><testcase classname="tests.test_ultradian_backend.TestHealth" name="test_release_window" time="0.134" /><testcase classname="tests.test_ultradian_backend.TestAuthMe" name="test_me_without_token" time="0.140" /><testcase classname="tests.test_ultradian_backend.TestAuthMe" name="test_me_with_token" time="1.037" /><testcase classname="tests.test_ultradian_backend.TestAuthMe" name="test_logout_clears_session" time="1.051" /><testcase classname="tests.test_ultradian_backend.TestApplications" name="test_submit_application_flow" time="5.351" /><testcase classname="tests.test_ultradian_backend.TestApplications" name="test_decline_application" time="5.594" /><testcase classname="tests.test_ultradian_backend.TestProfiles" name="test_unapproved_put_403" time="1.099" /><testcase classname="tests.test_ultradian_backend.TestProfiles" name="test_put_requires_exactly_3_objectives" time="0.950" /><testcase classname="tests.test_ultradian_backend.TestProfiles" name="test_put_bio_max_280" time="1.014" /><testcase classname="tests.test_ultradian_backend.TestProfiles" name="test_put_and_versioning" time="1.075" /><testcase classname="tests.test_ultradian_backend.TestProfiles" name="test_get_profile_by_user_id" time="1.089" /><testcase classname="tests.test_ultradian_backend.TestPosts" name="test_unapproved_cannot_post" time="1.085" /><testcase classname="tests.test_ultradian_backend.TestPosts" name="test_post_text_max_500" time="0.984" /><testcase classname="tests.test_ultradian_backend.TestPosts" name="test_create_post_and_public_feed" time="4.801" /><testcase classname="tests.test_ultradian_backend.TestPosts" name="test_feed_only_approved" time="1.807" /></testsuite></testsuites>