<?xml version="1.0" encoding="utf-8"?><testsuites name="pytest tests"><testsuite name="pytest" errors="0" failures="0" skipped="0" tests="12" time="29.303" timestamp="2026-05-18T17:09:08.099606+00:00" hostname="agent-env-cfd58b52-3d17-4959-9cc9-5102dbd18061"><testcase classname="tests.test_iter26_regions.TestRegionsTaxonomy" name="test_taxonomy_shape" time="0.217" /><testcase classname="tests.test_iter26_regions.TestUserRegions" name="test_get_empty_default" time="0.682" /><testcase classname="tests.test_iter26_regions.TestUserRegions" name="test_put_then_get_persists" time="1.456" /><testcase classname="tests.test_iter26_regions.TestUserRegions" name="test_invalid_slugs_dropped" time="0.910" /><testcase classname="tests.test_iter26_regions.TestUserRegions" name="test_caps_at_8" time="0.778" /><testcase classname="tests.test_iter26_regions.TestUserRegions" name="test_auth_required" time="0.323" /><testcase classname="tests.test_iter26_regions.TestPostRegions" name="test_explicit_regions_author_source" time="12.960" /><testcase classname="tests.test_iter26_regions.TestPostRegions" name="test_omitted_regions_pending_ai" time="3.841" /><testcase classname="tests.test_iter26_regions.TestFeedRegions" name="test_feed_regions_mine" time="5.124" /><testcase classname="tests.test_iter26_regions.TestFeedRegions" name="test_feed_regions_explicit_override" time="1.092" /><testcase classname="tests.test_iter26_regions.TestFeedRegions" name="test_feed_no_filter_returns_items" time="0.472" /><testcase classname="tests.test_iter26_regions.TestAITagger" name="test_tag_post_returns_list" time="1.404" /></testsuite></testsuites>