<?xml version="1.0" encoding="utf-8"?><testsuites name="pytest tests"><testsuite name="pytest" errors="0" failures="0" skipped="0" tests="70" time="147.679" timestamp="2026-05-12T19:21:33.582412+00:00" hostname="agent-env-23f1c981-a53d-4988-8267-f617c10aa9a9"><testcase classname="tests.test_phase2_batched_release.TestPostCreatePendingRelease" name="test_post_returns_pending_release_with_release_at" time="0.973" /><testcase classname="tests.test_phase2_batched_release.TestPostCreatePendingRelease" name="test_pending_post_not_in_public_feed" time="1.086" /><testcase classname="tests.test_phase2_batched_release.TestPostCreatePendingRelease" name="test_pending_post_not_in_feed" time="1.029" /><testcase classname="tests.test_phase2_batched_release.TestPostsMine" name="test_mine_unapproved_returns_empty" time="0.986" /><testcase classname="tests.test_phase2_batched_release.TestPostsMine" name="test_mine_returns_queued_and_released" time="3.702" /><testcase classname="tests.test_phase2_batched_release.TestReplies" name="test_reply_unapproved_403" time="2.096" /><testcase classname="tests.test_phase2_batched_release.TestReplies" name="test_reply_to_nonexistent_404" time="0.970" /><testcase classname="tests.test_phase2_batched_release.TestReplies" name="test_reply_text_validation" time="1.221" /><testcase classname="tests.test_phase2_batched_release.TestReplies" name="test_reply_create_pending_and_visibility" time="4.698" /><testcase classname="tests.test_phase2_batched_release.TestAdminReleaseNow" name="test_release_now_requires_admin" time="0.960" /><testcase classname="tests.test_phase2_batched_release.TestAdminReleaseNow" name="test_release_now_returns_summary" time="0.983" /><testcase classname="tests.test_phase2_batched_release.TestAdminReleaseNow" name="test_release_now_flips_due_pending" time="3.613" /><testcase classname="tests.test_phase2_batched_release.TestReleaseWindowEndpoint" name="test_release_window_iso_future" time="0.164" /><testcase classname="tests.test_phase3_moderation_follows.TestDigestPrefs" name="test_get_defaults_when_unset" time="1.383" /><testcase classname="tests.test_phase3_moderation_follows.TestDigestPrefs" name="test_put_persists_booleans" time="1.491" /><testcase classname="tests.test_phase3_moderation_follows.TestDigestPrefs" name="test_put_validates_types" time="1.458" /><testcase classname="tests.test_phase3_moderation_follows.TestDigestPrefs" name="test_release_now_counts_respect_prefs" time="3.932" /><testcase classname="tests.test_phase3_moderation_follows.TestMembersDirectory" name="test_unapproved_403" time="1.355" /><testcase classname="tests.test_phase3_moderation_follows.TestMembersDirectory" name="test_returns_approved_with_profile_and_search" time="1.525" /><testcase classname="tests.test_phase3_moderation_follows.TestMembersDirectory" name="test_suspended_excluded" time="2.419" /><testcase classname="tests.test_phase3_moderation_follows.TestFollows" name="test_follow_idempotent_and_relationship" time="2.563" /><testcase classname="tests.test_phase3_moderation_follows.TestFollows" name="test_cannot_follow_self" time="1.333" /><testcase classname="tests.test_phase3_moderation_follows.TestFollows" name="test_follow_target_must_exist" time="1.504" /><testcase classname="tests.test_phase3_moderation_follows.TestFollows" name="test_relationship_self_returns_counts" time="2.262" /><testcase classname="tests.test_phase3_moderation_follows.TestFollows" name="test_my_following_lists_and_excludes_suspended" time="3.386" /><testcase classname="tests.test_phase3_moderation_follows.TestFeedScopeFollowing" name="test_following_scope_filters" time="6.185" /><testcase classname="tests.test_phase3_moderation_follows.TestFlagging" name="test_flag_post_idempotent_and_404" time="2.505" /><testcase classname="tests.test_phase3_moderation_follows.TestFlagging" name="test_flag_reply_and_404" time="5.296" /><testcase classname="tests.test_phase3_moderation_follows.TestAdminModeration" name="test_admin_only_flags_list" time="1.359" /><testcase classname="tests.test_phase3_moderation_follows.TestAdminModeration" name="test_hide_post_resolves_flags_and_excludes_from_feeds" time="6.873" /><testcase classname="tests.test_phase3_moderation_follows.TestAdminModeration" name="test_hide_reply_excludes_for_everyone" time="6.590" /><testcase classname="tests.test_phase3_moderation_follows.TestAdminModeration" name="test_dismiss_flag" time="3.318" /><testcase classname="tests.test_phase3_moderation_follows.TestAdminSuspend" name="test_suspend_blocks_posts_and_hides_from_feeds" time="5.402" /><testcase classname="tests.test_phase3_moderation_follows.TestAdminSuspend" name="test_cannot_suspend_admin" time="1.402" /><testcase classname="tests.test_phase3_moderation_follows.TestAdminSuspend" name="test_suspend_requires_admin" time="1.360" /><testcase classname="tests.test_phase3_moderation_follows.TestAdminSuspend" name="test_suspend_blocks_replies" time="4.014" /><testcase classname="tests.test_phase4_picks_analytics_payments.TestPetePicks" name="test_pick_requires_admin" time="1.009" /><testcase classname="tests.test_phase4_picks_analytics_payments.TestPetePicks" name="test_pick_404_on_missing_post" time="0.930" /><testcase classname="tests.test_phase4_picks_analytics_payments.TestPetePicks" name="test_pick_and_unpick_flow" time="2.795" /><testcase classname="tests.test_phase4_picks_analytics_payments.TestPetePicks" name="test_picks_excludes_hidden_and_suspended" time="3.504" /><testcase classname="tests.test_phase4_picks_analytics_payments.TestPetePicks" name="test_feed_includes_is_pete_pick_and_is_supporter" time="2.911" /><testcase classname="tests.test_phase4_picks_analytics_payments.TestAdminAnalytics" name="test_analytics_requires_admin" time="0.988" /><testcase classname="tests.test_phase4_picks_analytics_payments.TestAdminAnalytics" name="test_analytics_no_auth" time="0.139" /><testcase classname="tests.test_phase4_picks_analytics_payments.TestAdminAnalytics" name="test_analytics_shape" time="0.931" /><testcase classname="tests.test_phase4_picks_analytics_payments.TestPayments" name="test_subscription_default_not_supporter" time="1.513" /><testcase classname="tests.test_phase4_picks_analytics_payments.TestPayments" name="test_checkout_403_for_unapproved" time="0.936" /><testcase classname="tests.test_phase4_picks_analytics_payments.TestPayments" name="test_checkout_requires_auth" time="0.136" /><testcase classname="tests.test_phase4_picks_analytics_payments.TestPayments" name="test_checkout_creates_pending_row_or_502" time="2.155" /><testcase classname="tests.test_phase4_picks_analytics_payments.TestPayments" name="test_status_404_for_unknown_session" time="1.004" /><testcase classname="tests.test_phase4_picks_analytics_payments.TestPayments" name="test_status_403_for_other_users_session" time="1.993" /><testcase classname="tests.test_phase4_picks_analytics_payments.TestPayments" name="test_status_idempotent_grant_already_paid" time="3.307" /><testcase classname="tests.test_phase4_picks_analytics_payments.TestPayments" name="test_subscription_reflects_active_supporter" time="1.716" /><testcase classname="tests.test_phase4_picks_analytics_payments.TestPayments" name="test_webhook_invalid_signature_returns_400" time="0.158" /><testcase classname="tests.test_phase4_picks_analytics_payments.TestPayments" name="test_supporter_flag_on_feed_author" time="2.601" /><testcase classname="tests.test_ultradian_backend.TestHealth" name="test_root" time="0.147" /><testcase classname="tests.test_ultradian_backend.TestHealth" name="test_release_window" time="0.133" /><testcase classname="tests.test_ultradian_backend.TestAuthMe" name="test_me_without_token" time="0.133" /><testcase classname="tests.test_ultradian_backend.TestAuthMe" name="test_me_with_token" time="1.199" /><testcase classname="tests.test_ultradian_backend.TestAuthMe" name="test_logout_clears_session" time="1.123" /><testcase classname="tests.test_ultradian_backend.TestApplications" name="test_submit_application_flow" time="5.248" /><testcase classname="tests.test_ultradian_backend.TestApplications" name="test_decline_application" time="5.896" /><testcase classname="tests.test_ultradian_backend.TestProfiles" name="test_unapproved_put_403" time="1.016" /><testcase classname="tests.test_ultradian_backend.TestProfiles" name="test_put_requires_exactly_3_objectives" time="1.104" /><testcase classname="tests.test_ultradian_backend.TestProfiles" name="test_put_bio_max_280" time="1.132" /><testcase classname="tests.test_ultradian_backend.TestProfiles" name="test_put_and_versioning" time="1.244" /><testcase classname="tests.test_ultradian_backend.TestProfiles" name="test_get_profile_by_user_id" time="1.253" /><testcase classname="tests.test_ultradian_backend.TestPosts" name="test_unapproved_cannot_post" time="0.954" /><testcase classname="tests.test_ultradian_backend.TestPosts" name="test_post_text_max_500" time="0.959" /><testcase classname="tests.test_ultradian_backend.TestPosts" name="test_create_post_and_public_feed" time="3.901" /><testcase classname="tests.test_ultradian_backend.TestPosts" name="test_feed_only_approved" time="1.919" /></testsuite></testsuites>