<?xml version="1.0" encoding="utf-8"?><testsuites name="pytest tests"><testsuite name="pytest" errors="0" failures="0" skipped="1" tests="32" time="8.957" timestamp="2026-05-18T16:31:26.665538+00:00" hostname="agent-env-cfd58b52-3d17-4959-9cc9-5102dbd18061"><testcase classname="backend.tests.test_iter22_improvements_admin.TestImprovements" name="test_anon_submit_ok" time="1.151" /><testcase classname="backend.tests.test_iter22_improvements_admin.TestImprovements" name="test_submit_too_short_rejected" time="0.153" /><testcase classname="backend.tests.test_iter22_improvements_admin.TestImprovements" name="test_admin_list_requires_auth" time="0.115" /><testcase classname="backend.tests.test_iter22_improvements_admin.TestImprovements" name="test_admin_list_with_token" time="0.152" /><testcase classname="backend.tests.test_iter22_improvements_admin.TestImprovements" name="test_status_invalid_rejected" time="0.156" /><testcase classname="backend.tests.test_iter22_improvements_admin.TestImprovements" name="test_status_transition_reviewing_then_done" time="1.573" /><testcase classname="backend.tests.test_iter22_improvements_admin.TestImprovements" name="test_delete_cleanup" time="0.304" /><testcase classname="backend.tests.test_iter22_improvements_admin.TestAdminUsers" name="test_search_requires_admin" time="0.122" /><testcase classname="backend.tests.test_iter22_improvements_admin.TestAdminUsers" name="test_search_returns_items" time="0.105" /><testcase classname="backend.tests.test_iter22_improvements_admin.TestAdminUsers" name="test_search_empty_returns_some" time="1.092" /><testcase classname="backend.tests.test_iter22_improvements_admin.TestAdminUsers" name="test_cannot_demote_self" time="0.114" /><testcase classname="backend.tests.test_iter22_improvements_admin.TestAdminUsers" name="test_cannot_demote_env_admin" time="0.140"><skipped type="pytest.skip" message="No second env admin available">/app/backend/tests/test_iter22_improvements_admin.py:134: No second env admin available</skipped></testcase><testcase classname="backend.tests.test_iter22_improvements_admin.TestAdminUsers" name="test_promote_then_demote_non_env" time="0.374" /><testcase classname="backend.tests.test_iter22_improvements_admin.TestAdminUsers" name="test_promote_unknown_user_404" time="0.118" /><testcase classname="backend.tests.test_iter22_improvements_admin.TestAdminPosts" name="test_list_requires_admin" time="0.124" /><testcase classname="backend.tests.test_iter22_improvements_admin.TestAdminPosts" name="test_list_recent" time="0.134" /><testcase classname="backend.tests.test_iter22_improvements_admin.TestAdminPosts" name="test_hide_then_unhide_first_visible" time="0.340" /><testcase classname="backend.tests.test_iter22_improvements_admin.TestAdminRegression" name="test_authorized[/api/admin/flags]" time="0.104" /><testcase classname="backend.tests.test_iter22_improvements_admin.TestAdminRegression" name="test_authorized[/api/admin/orphan-profiles]" time="0.101" /><testcase classname="backend.tests.test_iter22_improvements_admin.TestAdminRegression" name="test_authorized[/api/applications?status=pending]" time="0.134" /><testcase classname="backend.tests.test_iter22_improvements_admin.TestAdminRegression" name="test_authorized[/api/admin/email/readiness]" time="0.489" /><testcase classname="backend.tests.test_iter22_improvements_admin.TestAdminRegression" name="test_authorized[/api/admin/improvements]" time="0.147" /><testcase classname="backend.tests.test_iter22_improvements_admin.TestAdminRegression" name="test_authorized[/api/admin/users/search?q=]" time="0.115" /><testcase classname="backend.tests.test_iter22_improvements_admin.TestAdminRegression" name="test_authorized[/api/admin/posts/recent?limit=1]" time="0.122" /><testcase classname="backend.tests.test_iter22_improvements_admin.TestAdminRegression" name="test_unauthorized_blocks[/api/admin/flags]" time="0.140" /><testcase classname="backend.tests.test_iter22_improvements_admin.TestAdminRegression" name="test_unauthorized_blocks[/api/admin/orphan-profiles]" time="0.103" /><testcase classname="backend.tests.test_iter22_improvements_admin.TestAdminRegression" name="test_unauthorized_blocks[/api/applications?status=pending]" time="0.112" /><testcase classname="backend.tests.test_iter22_improvements_admin.TestAdminRegression" name="test_unauthorized_blocks[/api/admin/email/readiness]" time="0.109" /><testcase classname="backend.tests.test_iter22_improvements_admin.TestAdminRegression" name="test_unauthorized_blocks[/api/admin/improvements]" time="0.117" /><testcase classname="backend.tests.test_iter22_improvements_admin.TestAdminRegression" name="test_unauthorized_blocks[/api/admin/users/search?q=]" time="0.102" /><testcase classname="backend.tests.test_iter22_improvements_admin.TestAdminRegression" name="test_unauthorized_blocks[/api/admin/posts/recent?limit=1]" time="0.171" /><testcase classname="backend.tests.test_iter22_improvements_admin.TestAdminRegression" name="test_overview_or_analytics_admin_path" time="0.591" /></testsuite></testsuites>