<?xml version="1.0" encoding="utf-8"?><testsuites name="pytest tests"><testsuite name="pytest" errors="0" failures="0" skipped="0" tests="9" time="5.442" timestamp="2026-05-14T13:54:03.392691+00:00" hostname="agent-env-e3223e72-fa50-4ce6-a580-f918bd4a8da5"><testcase classname="tests.test_iter19_search_orphans_ratelimit_resize.TestPostsSearch" name="test_q_too_short_returns_422" time="0.190" /><testcase classname="tests.test_iter19_search_orphans_ratelimit_resize.TestPostsSearch" name="test_q_real_estate_returns_items_with_author_and_reply_count" time="0.132" /><testcase classname="tests.test_iter19_search_orphans_ratelimit_resize.TestPostsSearch" name="test_kind_essay_narrows" time="0.138" /><testcase classname="tests.test_iter19_search_orphans_ratelimit_resize.TestPostsSearch" name="test_market_filter" time="0.566" /><testcase classname="tests.test_iter19_search_orphans_ratelimit_resize.TestPostsSearch" name="test_suspended_users_excluded" time="0.135" /><testcase classname="tests.test_iter19_search_orphans_ratelimit_resize.TestOrphanProfiles" name="test_list_and_reconnect" time="0.880" /><testcase classname="tests.test_iter19_search_orphans_ratelimit_resize.TestApplicationsRateLimit" name="test_second_submission_within_24h_returns_429" time="0.133" /><testcase classname="tests.test_iter19_search_orphans_ratelimit_resize.TestImageResize" name="test_large_image_is_resized_to_2000_max_dim" time="3.128" /><testcase classname="tests.test_iter19_search_orphans_ratelimit_resize.TestAdminDigest" name="test_build_and_render_and_subject" time="0.022" /></testsuite></testsuites>