<?xml version="1.0" encoding="utf-8"?><testsuites name="pytest tests"><testsuite name="pytest" errors="0" failures="0" skipped="0" tests="19" time="28.651" timestamp="2026-05-18T16:03:36.586390+00:00" hostname="agent-env-cfd58b52-3d17-4959-9cc9-5102dbd18061"><testcase classname="tests.test_iter24_email_auth.TestSignup" name="test_signup_success" time="5.828" /><testcase classname="tests.test_iter24_email_auth.TestSignup" name="test_signup_duplicate_returns_409" time="1.463" /><testcase classname="tests.test_iter24_email_auth.TestSignup" name="test_signup_weak_password_returns_422" time="0.261" /><testcase classname="tests.test_iter24_email_auth.TestSignup" name="test_signup_admin_email_becomes_approved" time="1.833" /><testcase classname="tests.test_iter24_email_auth.TestSignin" name="test_signin_success_then_wrong_then_lockout" time="2.993" /><testcase classname="tests.test_iter24_email_auth.TestSignin" name="test_brute_force_lockout" time="4.851" /><testcase classname="tests.test_iter24_email_auth.TestMagicLink" name="test_request_then_consume_marks_verified" time="1.419" /><testcase classname="tests.test_iter24_email_auth.TestMagicLink" name="test_request_for_existing_user_no_enumeration" time="1.228" /><testcase classname="tests.test_iter24_email_auth.TestMagicLink" name="test_consume_invalid_token" time="0.472" /><testcase classname="tests.test_iter24_email_auth.TestMagicLink" name="test_consume_reused_token_fails" time="1.080" /><testcase classname="tests.test_iter24_email_auth.TestEmailVerify" name="test_verify_request_no_enumeration" time="0.174" /><testcase classname="tests.test_iter24_email_auth.TestEmailVerify" name="test_signup_creates_verify_token_and_consume" time="1.357" /><testcase classname="tests.test_iter24_email_auth.TestEmailVerify" name="test_verify_invalid_token" time="0.155" /><testcase classname="tests.test_iter24_email_auth.TestPasswordReset" name="test_reset_request_no_enumeration" time="0.115" /><testcase classname="tests.test_iter24_email_auth.TestPasswordReset" name="test_reset_request_no_token_when_no_password" time="0.926" /><testcase classname="tests.test_iter24_email_auth.TestPasswordReset" name="test_reset_full_flow_invalidates_sessions" time="1.879" /><testcase classname="tests.test_iter24_email_auth.TestAuthMeAndRegression" name="test_me_returns_has_password_and_email_verified" time="0.828" /><testcase classname="tests.test_iter24_email_auth.TestAuthMeAndRegression" name="test_smoke_admin_still_works" time="0.250" /><testcase classname="tests.test_iter24_email_auth.TestAccountLinking" name="test_email_signup_then_simulated_google_login_links_same_user" time="1.404" /></testsuite></testsuites>