<?xml version="1.0" encoding="utf-8"?><testsuites name="pytest tests"><testsuite name="pytest" errors="0" failures="5" skipped="0" tests="185" time="580.392" timestamp="2026-05-13T15:11:56.142893+00:00" hostname="agent-env-33228e99-ab19-4971-9215-d69671c9c927"><testcase classname="tests.test_media_uploads.TestImageUpload" name="test_upload_image_jpg" time="3.793" /><testcase classname="tests.test_media_uploads.TestImageUpload" name="test_upload_image_oversized" time="10.012" /><testcase classname="tests.test_media_uploads.TestVideoUpload" name="test_upload_short_video" time="1.220" /><testcase classname="tests.test_media_uploads.TestVideoUpload" name="test_upload_long_video_rejected" time="0.353" /><testcase classname="tests.test_media_uploads.TestVideoUpload" name="test_upload_oversized_video" time="2.954" /><testcase classname="tests.test_media_uploads.TestAudioUpload" name="test_upload_audio_mp3" time="0.690" /><testcase classname="tests.test_media_uploads.TestAudioUpload" name="test_upload_long_audio_rejected" time="1.255" /><testcase classname="tests.test_media_uploads.TestAudioUpload" name="test_upload_oversized_audio" time="1.732" /><testcase classname="tests.test_media_uploads.TestUnsupportedUpload" name="test_reject_text" time="0.163" /><testcase classname="tests.test_media_uploads.TestEmbedParser" name="test_youtube_watch" time="0.155" /><testcase classname="tests.test_media_uploads.TestEmbedParser" name="test_youtube_short_url" time="0.171" /><testcase classname="tests.test_media_uploads.TestEmbedParser" name="test_youtube_shorts" time="0.193" /><testcase classname="tests.test_media_uploads.TestEmbedParser" name="test_vimeo" time="0.128" /><testcase classname="tests.test_media_uploads.TestEmbedParser" name="test_unsupported_url" time="0.163" /><testcase classname="tests.test_media_uploads.TestPostsMedia" name="test_short_post_with_mixed_media" time="2.438" /><testcase classname="tests.test_media_uploads.TestPostsMedia" name="test_short_post_5_images_rejected" time="0.639" /><testcase classname="tests.test_media_uploads.TestPostsMedia" name="test_short_post_two_videos_rejected" time="1.770" /><testcase classname="tests.test_media_uploads.TestPostsMedia" name="test_video_plus_embed_rejected" time="1.035" /><testcase classname="tests.test_media_uploads.TestPostsMedia" name="test_essay_with_media" time="0.654" /><testcase classname="tests.test_media_uploads.TestPostsMedia" name="test_essay_too_short_rejected" time="0.147" /><testcase classname="tests.test_media_uploads.TestPostsMedia" name="test_essay_missing_title_rejected" time="0.185" /><testcase classname="tests.test_media_uploads.TestLegacyBackCompat" name="test_legacy_image_path_surfaces_in_media" time="0.766" /><testcase classname="tests.test_media_uploads.TestDraftMedia" name="test_draft_persists_media" time="1.082" /><testcase classname="tests.test_media_uploads.TestFeeds" name="test_public_feed_returns_media" time="0.815" /><testcase classname="tests.test_phase2_batched_release.TestPostCreatePendingRelease" name="test_post_returns_pending_release_with_release_at" time="1.816" /><testcase classname="tests.test_phase2_batched_release.TestPostCreatePendingRelease" name="test_pending_post_not_in_public_feed" time="2.068" /><testcase classname="tests.test_phase2_batched_release.TestPostCreatePendingRelease" name="test_pending_post_not_in_feed" time="1.668" /><testcase classname="tests.test_phase2_batched_release.TestPostsMine" name="test_mine_unapproved_returns_empty" time="2.132" /><testcase classname="tests.test_phase2_batched_release.TestPostsMine" name="test_mine_returns_queued_and_released" time="21.442" /><testcase classname="tests.test_phase2_batched_release.TestReplies" name="test_reply_unapproved_403" time="3.501" /><testcase classname="tests.test_phase2_batched_release.TestReplies" name="test_reply_to_nonexistent_404" time="1.914" /><testcase classname="tests.test_phase2_batched_release.TestReplies" name="test_reply_text_validation" time="1.940" /><testcase classname="tests.test_phase2_batched_release.TestReplies" name="test_reply_create_pending_and_visibility" time="21.196" /><testcase classname="tests.test_phase2_batched_release.TestAdminReleaseNow" name="test_release_now_requires_admin" time="1.891" /><testcase classname="tests.test_phase2_batched_release.TestAdminReleaseNow" name="test_release_now_returns_summary" time="1.903" /><testcase classname="tests.test_phase2_batched_release.TestAdminReleaseNow" name="test_release_now_flips_due_pending" time="21.943" /><testcase classname="tests.test_phase2_batched_release.TestReleaseWindowEndpoint" name="test_release_window_iso_future" time="0.137" /><testcase classname="tests.test_phase3_moderation_follows.TestDigestPrefs" name="test_get_defaults_when_unset" time="2.611" /><testcase classname="tests.test_phase3_moderation_follows.TestDigestPrefs" name="test_put_persists_booleans" time="2.708" /><testcase classname="tests.test_phase3_moderation_follows.TestDigestPrefs" name="test_put_validates_types" time="2.555" /><testcase classname="tests.test_phase3_moderation_follows.TestDigestPrefs" name="test_release_now_counts_respect_prefs" time="22.153" /><testcase classname="tests.test_phase3_moderation_follows.TestMembersDirectory" name="test_unapproved_403" time="2.787" /><testcase classname="tests.test_phase3_moderation_follows.TestMembersDirectory" name="test_returns_approved_with_profile_and_search" time="3.113" /><testcase classname="tests.test_phase3_moderation_follows.TestMembersDirectory" name="test_suspended_excluded" time="4.385" /><testcase classname="tests.test_phase3_moderation_follows.TestFollows" name="test_follow_idempotent_and_relationship" time="4.706" /><testcase classname="tests.test_phase3_moderation_follows.TestFollows" name="test_cannot_follow_self" time="2.498" /><testcase classname="tests.test_phase3_moderation_follows.TestFollows" name="test_follow_target_must_exist" time="2.495" /><testcase classname="tests.test_phase3_moderation_follows.TestFollows" name="test_relationship_self_returns_counts" time="4.270" /><testcase classname="tests.test_phase3_moderation_follows.TestFollows" name="test_my_following_lists_and_excludes_suspended" time="5.930" /><testcase classname="tests.test_phase3_moderation_follows.TestFeedScopeFollowing" name="test_following_scope_filters" time="7.350"><failure message="assert 401 == 200&#10; +  where 401 = &lt;Response [401]&gt;.status_code">E   assert 401 == 200
     +  where 401 = &lt;Response [401]&gt;.status_code</failure></testcase><testcase classname="tests.test_phase3_moderation_follows.TestFlagging" name="test_flag_post_idempotent_and_404" time="4.303" /><testcase classname="tests.test_phase3_moderation_follows.TestFlagging" name="test_flag_reply_and_404" time="23.403" /><testcase classname="tests.test_phase3_moderation_follows.TestAdminModeration" name="test_admin_only_flags_list" time="2.303" /><testcase classname="tests.test_phase3_moderation_follows.TestAdminModeration" name="test_hide_post_resolves_flags_and_excludes_from_feeds" time="24.211" /><testcase classname="tests.test_phase3_moderation_follows.TestAdminModeration" name="test_hide_reply_excludes_for_everyone" time="25.798"><failure message="assert 401 == 200&#10; +  where 401 = &lt;Response [401]&gt;.status_code">E   assert 401 == 200
     +  where 401 = &lt;Response [401]&gt;.status_code</failure></testcase><testcase classname="tests.test_phase3_moderation_follows.TestAdminModeration" name="test_dismiss_flag" time="5.855" /><testcase classname="tests.test_phase3_moderation_follows.TestAdminSuspend" name="test_suspend_blocks_posts_and_hides_from_feeds" time="21.889"><failure message="assert 401 == 200&#10; +  where 401 = &lt;Response [401]&gt;.status_code">E   assert 401 == 200
     +  where 401 = &lt;Response [401]&gt;.status_code</failure></testcase><testcase classname="tests.test_phase3_moderation_follows.TestAdminSuspend" name="test_cannot_suspend_admin" time="2.748" /><testcase classname="tests.test_phase3_moderation_follows.TestAdminSuspend" name="test_suspend_requires_admin" time="2.259" /><testcase classname="tests.test_phase3_moderation_follows.TestAdminSuspend" name="test_suspend_blocks_replies" time="22.402"><failure message="assert 200 == 403&#10; +  where 200 = &lt;Response [200]&gt;.status_code">E   assert 200 == 403
     +  where 200 = &lt;Response [200]&gt;.status_code</failure></testcase><testcase classname="tests.test_phase4_picks_analytics_payments.TestPetePicks" name="test_pick_requires_admin" time="1.891" /><testcase classname="tests.test_phase4_picks_analytics_payments.TestPetePicks" name="test_pick_404_on_missing_post" time="1.844" /><testcase classname="tests.test_phase4_picks_analytics_payments.TestPetePicks" name="test_pick_and_unpick_flow" time="6.053" /><testcase classname="tests.test_phase4_picks_analytics_payments.TestPetePicks" name="test_picks_excludes_hidden_and_suspended" time="6.072" /><testcase classname="tests.test_phase4_picks_analytics_payments.TestPetePicks" name="test_feed_includes_is_pete_pick_and_is_supporter" time="3.966"><failure message="assert False is True">E   assert False is True</failure></testcase><testcase classname="tests.test_phase4_picks_analytics_payments.TestAdminAnalytics" name="test_analytics_requires_admin" time="1.616" /><testcase classname="tests.test_phase4_picks_analytics_payments.TestAdminAnalytics" name="test_analytics_no_auth" time="0.209" /><testcase classname="tests.test_phase4_picks_analytics_payments.TestAdminAnalytics" name="test_analytics_shape" time="1.932" /><testcase classname="tests.test_phase4_picks_analytics_payments.TestPayments" name="test_subscription_default_not_supporter" time="2.398" /><testcase classname="tests.test_phase4_picks_analytics_payments.TestPayments" name="test_checkout_403_for_unapproved" time="1.503" /><testcase classname="tests.test_phase4_picks_analytics_payments.TestPayments" name="test_checkout_requires_auth" time="0.186" /><testcase classname="tests.test_phase4_picks_analytics_payments.TestPayments" name="test_checkout_creates_pending_row_or_502" time="2.902" /><testcase classname="tests.test_phase4_picks_analytics_payments.TestPayments" name="test_status_404_for_unknown_session" time="1.770" /><testcase classname="tests.test_phase4_picks_analytics_payments.TestPayments" name="test_status_403_for_other_users_session" time="3.280" /><testcase classname="tests.test_phase4_picks_analytics_payments.TestPayments" name="test_status_idempotent_grant_already_paid" time="5.962" /><testcase classname="tests.test_phase4_picks_analytics_payments.TestPayments" name="test_subscription_reflects_active_supporter" time="3.407" /><testcase classname="tests.test_phase4_picks_analytics_payments.TestPayments" name="test_webhook_invalid_signature_returns_400" time="0.789" /><testcase classname="tests.test_phase4_picks_analytics_payments.TestPayments" name="test_supporter_flag_on_feed_author" time="4.340" /><testcase classname="tests.test_phase4b_email_invites_tracking.TestEmailHealth" name="test_dns_records_admin" time="1.403" /><testcase classname="tests.test_phase4b_email_invites_tracking.TestEmailHealth" name="test_dns_records_non_admin_forbidden" time="1.759" /><testcase classname="tests.test_phase4b_email_invites_tracking.TestEmailHealth" name="test_test_send_invalid_email_422" time="1.800" /><testcase classname="tests.test_phase4b_email_invites_tracking.TestEmailHealth" name="test_test_send_non_admin_forbidden" time="1.832" /><testcase classname="tests.test_phase4b_email_invites_tracking.TestInvites" name="test_list_requires_approved" time="1.677" /><testcase classname="tests.test_phase4b_email_invites_tracking.TestInvites" name="test_list_approved_empty" time="1.781" /><testcase classname="tests.test_phase4b_email_invites_tracking.TestInvites" name="test_generate_two_then_third_rejected" time="1.896" /><testcase classname="tests.test_phase4b_email_invites_tracking.TestInvites" name="test_revoke_unused_code" time="1.820" /><testcase classname="tests.test_phase4b_email_invites_tracking.TestInvites" name="test_revoke_redeemed_rejected" time="5.133" /><testcase classname="tests.test_phase4b_email_invites_tracking.TestInvites" name="test_public_validate" time="5.087" /><testcase classname="tests.test_phase4b_email_invites_tracking.TestInvites" name="test_application_redeems_and_marks" time="13.298" /><testcase classname="tests.test_phase4b_email_invites_tracking.TestTracking" name="test_open_pixel_inserts_event" time="0.902" /><testcase classname="tests.test_phase4b_email_invites_tracking.TestTracking" name="test_click_redirects_302" time="1.057" /><testcase classname="tests.test_phase4b_email_invites_tracking.TestTracking" name="test_click_rejects_empty_target" time="0.191" /><testcase classname="tests.test_phase4b_email_invites_tracking.TestTracking" name="test_click_rejects_non_http" time="0.122" /><testcase classname="tests.test_phase4b_email_invites_tracking.TestTracking" name="test_wrap_for_tracking_helper" time="0.002" /><testcase classname="tests.test_phase4b_email_invites_tracking.TestEmailAnalytics" name="test_email_analytics_admin" time="3.322" /><testcase classname="tests.test_phase4b_email_invites_tracking.TestEmailAnalytics" name="test_email_analytics_non_admin_forbidden" time="0.998" /><testcase classname="tests.test_phase5_essays.TestShortPostRegression" name="test_short_post_kind_omitted_defaults_to_post" time="1.007" /><testcase classname="tests.test_phase5_essays.TestShortPostRegression" name="test_short_post_500_char_limit_enforced" time="0.926" /><testcase classname="tests.test_phase5_essays.TestShortPostRegression" name="test_short_post_500_chars_ok" time="0.928" /><testcase classname="tests.test_phase5_essays.TestEssayCreate" name="test_essay_happy_path" time="0.964" /><testcase classname="tests.test_phase5_essays.TestEssayCreate" name="test_essay_missing_title_422" time="0.946" /><testcase classname="tests.test_phase5_essays.TestEssayCreate" name="test_essay_empty_title_422" time="0.973" /><testcase classname="tests.test_phase5_essays.TestEssayCreate" name="test_essay_body_too_short_422" time="0.972" /><testcase classname="tests.test_phase5_essays.TestEssayCreate" name="test_essay_body_max_50000_chars_ok" time="1.005" /><testcase classname="tests.test_phase5_essays.TestEssayCreate" name="test_essay_body_over_50000_422" time="0.996" /><testcase classname="tests.test_phase5_essays.TestEssayCreate" name="test_essay_unapproved_user_403" time="0.942" /><testcase classname="tests.test_phase5_essays.TestEssayFollowerDispatch" name="test_dispatch_to_two_followers" time="4.237" /><testcase classname="tests.test_phase5_essays.TestEssayFollowerDispatch" name="test_dispatch_idempotent_via_direct_invoke" time="3.002" /><testcase classname="tests.test_phase5_essays.TestEssayReader" name="test_member_gets_full_body" time="1.042" /><testcase classname="tests.test_phase5_essays.TestEssayReader" name="test_unauth_paywall_with_preview" time="1.029" /><testcase classname="tests.test_phase5_essays.TestEssayReader" name="test_non_member_paywall" time="1.929" /><testcase classname="tests.test_phase5_essays.TestEssayReader" name="test_hidden_essay_404" time="2.064" /><testcase classname="tests.test_phase5_essays.TestEssayReader" name="test_suspended_author_essay_404" time="2.133" /><testcase classname="tests.test_phase5_essays.TestEssayReader" name="test_post_kind_id_404" time="1.103" /><testcase classname="tests.test_phase5_essays.TestEssayReader" name="test_unknown_essay_404" time="1.141" /><testcase classname="tests.test_phase5_essays.TestFeedEssayPayload" name="test_public_feed_has_essay_with_preview_not_text" time="1.069" /><testcase classname="tests.test_phase5_essays.TestFeedEssayPayload" name="test_feed_endpoint_returns_essay_preview" time="1.052" /><testcase classname="tests.test_phase5_essays.TestFeedEssayPayload" name="test_mine_returns_essay_preview" time="1.054" /><testcase classname="tests.test_phase5_essays.TestFeedEssayPayload" name="test_by_user_returns_essay_preview" time="1.105" /><testcase classname="tests.test_phase5_essays.TestPetePickEssay" name="test_admin_can_pick_essay" time="2.052" /><testcase classname="tests.test_phase5b_drafts_markdown_schedule_archive.TestMarkdownRender" name="test_render_function_basic" time="0.093" /><testcase classname="tests.test_phase5b_drafts_markdown_schedule_archive.TestMarkdownRender" name="test_render_strips_script_and_handlers" time="0.001" /><testcase classname="tests.test_phase5b_drafts_markdown_schedule_archive.TestMarkdownRender" name="test_render_empty" time="0.000" /><testcase classname="tests.test_phase5b_drafts_markdown_schedule_archive.TestMarkdownRender" name="test_essay_response_includes_html_for_member" time="1.540" /><testcase classname="tests.test_phase5b_drafts_markdown_schedule_archive.TestMarkdownRender" name="test_essay_response_paywall_no_html_text" time="1.528" /><testcase classname="tests.test_phase5b_drafts_markdown_schedule_archive.TestDrafts" name="test_get_empty_draft" time="1.392" /><testcase classname="tests.test_phase5b_drafts_markdown_schedule_archive.TestDrafts" name="test_put_then_get_draft" time="1.549" /><testcase classname="tests.test_phase5b_drafts_markdown_schedule_archive.TestDrafts" name="test_put_upserts_single_draft" time="2.020" /><testcase classname="tests.test_phase5b_drafts_markdown_schedule_archive.TestDrafts" name="test_delete_draft" time="1.667" /><testcase classname="tests.test_phase5b_drafts_markdown_schedule_archive.TestDrafts" name="test_draft_cleared_on_publish" time="2.041" /><testcase classname="tests.test_phase5b_drafts_markdown_schedule_archive.TestDrafts" name="test_draft_cleared_on_essay_publish" time="2.059" /><testcase classname="tests.test_phase5b_drafts_markdown_schedule_archive.TestScheduledEssays" name="test_schedule_future_creates_scheduled_essay" time="2.795" /><testcase classname="tests.test_phase5b_drafts_markdown_schedule_archive.TestScheduledEssays" name="test_schedule_past_rejected_422" time="0.952" /><testcase classname="tests.test_phase5b_drafts_markdown_schedule_archive.TestScheduledEssays" name="test_short_post_ignores_scheduled_at" time="1.389" /><testcase classname="tests.test_phase5b_drafts_markdown_schedule_archive.TestScheduledEssays" name="test_process_scheduled_essays_flips_and_dispatches_idempotent" time="4.197" /><testcase classname="tests.test_phase5b_drafts_markdown_schedule_archive.TestMemberArchive" name="test_archive_returns_released_essays_chronological_desc" time="3.215" /><testcase classname="tests.test_phase5b_drafts_markdown_schedule_archive.TestMemberArchive" name="test_archive_excludes_scheduled_unreleased" time="2.042" /><testcase classname="tests.test_phase5b_drafts_markdown_schedule_archive.TestMemberArchive" name="test_archive_excludes_short_posts" time="1.471" /><testcase classname="tests.test_phase5b_drafts_markdown_schedule_archive.TestMemberArchive" name="test_archive_empty_for_suspended_writer" time="3.162" /><testcase classname="tests.test_phase5e_richtext_media.TestMarkdownRenderInlineMedia" name="test_iframe_preserved" time="0.002" /><testcase classname="tests.test_phase5e_richtext_media.TestMarkdownRenderInlineMedia" name="test_video_preserved" time="0.001" /><testcase classname="tests.test_phase5e_richtext_media.TestMarkdownRenderInlineMedia" name="test_audio_preserved" time="0.001" /><testcase classname="tests.test_phase5e_richtext_media.TestMarkdownRenderInlineMedia" name="test_source_inside_video" time="0.001" /><testcase classname="tests.test_phase5e_richtext_media.TestMarkdownRenderInlineMedia" name="test_script_still_stripped" time="0.001" /><testcase classname="tests.test_phase5e_richtext_media.TestEssayInlineIframe" name="test_essay_with_inline_iframe_round_trips" time="1.469" /><testcase classname="tests.test_phase6_prompts_p1.TestPromptsCRUD" name="test_current_empty_when_none_active" time="3.903" /><testcase classname="tests.test_phase6_prompts_p1.TestPromptsCRUD" name="test_admin_create_demotes_existing_active" time="3.955" /><testcase classname="tests.test_phase6_prompts_p1.TestPromptsCRUD" name="test_non_admin_create_forbidden" time="3.684" /><testcase classname="tests.test_phase6_prompts_p1.TestPromptsCRUD" name="test_get_prompt_with_responses" time="3.490" /><testcase classname="tests.test_phase6_prompts_p1.TestPromptsCRUD" name="test_patch_and_delete" time="4.054" /><testcase classname="tests.test_phase6_prompts_p1.TestSuggestions" name="test_member_can_suggest_then_admin_accepts" time="3.851" /><testcase classname="tests.test_phase6_prompts_p1.TestSuggestions" name="test_reject_suggestion" time="4.608" /><testcase classname="tests.test_phase6_prompts_p1.TestPostPromptLink" name="test_post_with_valid_prompt_id_sets_snapshot_in_feed" time="5.803" /><testcase classname="tests.test_phase6_prompts_p1.TestPostPromptLink" name="test_post_with_invalid_prompt_id_400" time="2.672" /><testcase classname="tests.test_phase6_prompts_p1.TestApplicationsRateLimit" name="test_second_application_within_24h_returns_429" time="3.375" /><testcase classname="tests.test_phase6_prompts_p1.TestImageResize" name="test_large_jpeg_resized_and_capped_at_1920" time="2.285" /><testcase classname="tests.test_phase6_prompts_p1.TestImageResize" name="test_gif_is_not_resized" time="2.160" /><testcase classname="tests.test_phase6_prompts_p1.TestAdvanceWeeklyPrompt" name="test_advance_promotes_scheduled" time="2.194" /><testcase classname="tests.test_substack_shell.TestEssaysSearch" name="test_essays_list_public" time="0.136" /><testcase classname="tests.test_substack_shell.TestEssaysSearch" name="test_essays_search_q" time="0.112" /><testcase classname="tests.test_substack_shell.TestEssaysSearch" name="test_essays_search_market" time="0.124" /><testcase classname="tests.test_substack_shell.TestReaderBookmarks" name="test_get_bookmarks_empty" time="0.983" /><testcase classname="tests.test_substack_shell.TestReaderBookmarks" name="test_bookmark_lifecycle" time="3.805" /><testcase classname="tests.test_substack_shell.TestReaderBookmarks" name="test_bookmarks_requires_auth" time="0.149" /><testcase classname="tests.test_substack_shell.TestWriterDashboard" name="test_stats_shape" time="0.976" /><testcase classname="tests.test_substack_shell.TestWriterDashboard" name="test_published_list" time="0.966" /><testcase classname="tests.test_substack_shell.TestWriterDashboard" name="test_scheduled_list" time="1.042" /><testcase classname="tests.test_substack_shell.TestWriterDashboard" name="test_writer_requires_auth" time="0.154" /><testcase classname="tests.test_substack_shell.TestWriterDashboard" name="test_writer_blocks_needs_app" time="0.957" /><testcase classname="tests.test_ultradian_backend.TestHealth" name="test_root" time="0.124" /><testcase classname="tests.test_ultradian_backend.TestHealth" name="test_release_window" time="0.134" /><testcase classname="tests.test_ultradian_backend.TestAuthMe" name="test_me_without_token" time="0.130" /><testcase classname="tests.test_ultradian_backend.TestAuthMe" name="test_me_with_token" time="0.980" /><testcase classname="tests.test_ultradian_backend.TestAuthMe" name="test_logout_clears_session" time="1.374" /><testcase classname="tests.test_ultradian_backend.TestApplications" name="test_submit_application_flow" time="5.293" /><testcase classname="tests.test_ultradian_backend.TestApplications" name="test_decline_application" time="4.790" /><testcase classname="tests.test_ultradian_backend.TestProfiles" name="test_unapproved_put_403" time="1.005" /><testcase classname="tests.test_ultradian_backend.TestProfiles" name="test_put_requires_exactly_3_objectives" time="2.005" /><testcase classname="tests.test_ultradian_backend.TestProfiles" name="test_put_bio_max_280" time="1.409" /><testcase classname="tests.test_ultradian_backend.TestProfiles" name="test_put_and_versioning" time="1.052" /><testcase classname="tests.test_ultradian_backend.TestProfiles" name="test_get_profile_by_user_id" time="1.059" /><testcase classname="tests.test_ultradian_backend.TestPosts" name="test_unapproved_cannot_post" time="0.990" /><testcase classname="tests.test_ultradian_backend.TestPosts" name="test_post_text_max_500" time="0.951" /><testcase classname="tests.test_ultradian_backend.TestPosts" name="test_create_post_and_public_feed" time="19.994" /><testcase classname="tests.test_ultradian_backend.TestPosts" name="test_feed_only_approved" time="1.953" /></testsuite></testsuites>