<?xml version="1.0" encoding="utf-8"?><testsuites name="pytest tests"><testsuite name="pytest" errors="0" failures="0" skipped="0" tests="13" time="43.034" timestamp="2026-05-13T15:46:55.862758+00:00" hostname="agent-env-33228e99-ab19-4971-9215-d69671c9c927"><testcase classname="tests.test_phase7_hls_launch.TestHLSHybrid" name="test_short_video_still_inline" time="4.341" /><testcase classname="tests.test_phase7_hls_launch.TestHLSHybrid" name="test_long_video_queues_transcode" time="10.467" /><testcase classname="tests.test_phase7_hls_launch.TestHLSHybrid" name="test_transcode_404_for_unknown" time="0.158" /><testcase classname="tests.test_phase7_hls_launch.TestHLSHybrid" name="test_transcode_403_for_other_user" time="1.197" /><testcase classname="tests.test_phase7_hls_launch.TestHLSHybrid" name="test_too_long_video_rejected" time="0.794" /><testcase classname="tests.test_phase7_hls_launch.TestHLSHybrid" name="test_oversized_video_rejected" time="11.814" /><testcase classname="tests.test_phase7_hls_launch.TestPostsHLS" name="test_post_with_hls_only" time="12.487" /><testcase classname="tests.test_phase7_hls_launch.TestPostsHLS" name="test_video_media_without_path_or_hls_rejected" time="0.122" /><testcase classname="tests.test_phase7_hls_launch.TestPublicUrl" name="test_get_public_url_requires_admin" time="0.109" /><testcase classname="tests.test_phase7_hls_launch.TestPublicUrl" name="test_set_public_url_requires_admin" time="0.121" /><testcase classname="tests.test_phase7_hls_launch.TestPublicUrl" name="test_readiness_requires_admin" time="0.123" /><testcase classname="tests.test_phase7_hls_launch.TestPublicUrl" name="test_get_public_url_as_admin" time="0.435" /><testcase classname="tests.test_phase7_hls_launch.TestPublicUrl" name="test_set_then_get_public_url" time="0.847" /></testsuite></testsuites>