<?xml version="1.0" encoding="utf-8"?><testsuites name="pytest tests"><testsuite name="pytest" errors="0" failures="0" skipped="0" tests="21" time="4.307" timestamp="2026-05-15T02:43:23.269641+00:00" hostname="agent-env-408b7494-6b07-486c-8b5a-67f940a904ac"><testcase classname="backend.tests.test_iter20_p2_features.TestTrending" name="test_trending_defaults" time="0.181" /><testcase classname="backend.tests.test_iter20_p2_features.TestTrending" name="test_trending_custom_window" time="0.113" /><testcase classname="backend.tests.test_iter20_p2_features.TestTrending" name="test_trending_public_no_auth" time="0.108" /><testcase classname="backend.tests.test_iter20_p2_features.TestTrending" name="test_trending_bounds" time="0.112" /><testcase classname="backend.tests.test_iter20_p2_features.TestMembersFilter" name="test_members_non_admin_no_entitlement" time="0.139" /><testcase classname="backend.tests.test_iter20_p2_features.TestMembersFilter" name="test_members_non_admin_filter_rejected" time="0.121" /><testcase classname="backend.tests.test_iter20_p2_features.TestMembersFilter" name="test_members_admin_all_have_entitlement" time="0.148" /><testcase classname="backend.tests.test_iter20_p2_features.TestMembersFilter" name="test_members_admin_filter_comped" time="0.113" /><testcase classname="backend.tests.test_iter20_p2_features.TestMembersFilter" name="test_members_admin_filter_supporter" time="0.105" /><testcase classname="backend.tests.test_iter20_p2_features.TestMembersFilter" name="test_members_admin_filter_free" time="0.110" /><testcase classname="backend.tests.test_iter20_p2_features.TestToS" name="test_tos_version_public" time="0.148" /><testcase classname="backend.tests.test_iter20_p2_features.TestToS" name="test_apply_without_tos_rejected" time="0.116" /><testcase classname="backend.tests.test_iter20_p2_features.TestToS" name="test_apply_with_tos_stamps_doc" time="1.544" /><testcase classname="backend.tests.test_iter20_p2_features.TestHashtag" name="test_posts_popular_tags" time="0.118" /><testcase classname="backend.tests.test_iter20_p2_features.TestHashtag" name="test_posts_by_tag_unknown" time="0.159" /><testcase classname="backend.tests.test_iter20_p2_features.TestResetDB" name="test_preview_non_admin_forbidden" time="0.121" /><testcase classname="backend.tests.test_iter20_p2_features.TestResetDB" name="test_reset_non_admin_forbidden" time="0.128" /><testcase classname="backend.tests.test_iter20_p2_features.TestResetDB" name="test_preview_admin_ok" time="0.127" /><testcase classname="backend.tests.test_iter20_p2_features.TestResetDB" name="test_reset_bad_token" time="0.114" /><testcase classname="backend.tests.test_iter20_p2_features.TestResetDB" name="test_reset_succeeds_and_preserves" time="0.242" /><testcase classname="backend.tests.test_iter20_p2_features.TestResetDB" name="test_admin_token_still_works_after_reset" time="0.117" /></testsuite></testsuites>