<?xml version="1.0" encoding="utf-8"?><testsuites name="pytest tests"><testsuite name="pytest" errors="0" failures="0" skipped="0" tests="2" time="13.912" timestamp="2026-05-18T16:32:37.862293+00:00" hostname="agent-env-cfd58b52-3d17-4959-9cc9-5102dbd18061"><testcase classname="backend.tests.test_iter25_verify_gate" name="test_post_creation_blocked_for_unverified" time="13.363" /><testcase classname="backend.tests.test_iter25_verify_gate" name="test_application_blocked_for_unverified" time="0.528" /></testsuite></testsuites>